#! /usr/local/iverilog/bin/vvp
:ivl_version "11.0 (devel)" "(s20150603-642-g3bdb50da)";
:ivl_delay_selection "TYPICAL";
:vpi_time_precision + 0;
:vpi_module "system";
:vpi_module "vhdl_sys";
:vpi_module "vhdl_textio";
:vpi_module "v2005_math";
:vpi_module "va_math";
S_0000000001032300 .scope module, "controller_tb" "controller_tb" 2 80;
 .timescale 0 0;
v00000000011557e0_0 .net "ALUOp", 1 0, L_0000000001165d40;  1 drivers
v00000000011542a0_0 .net "ALUSrcA", 0 0, L_0000000001171760;  1 drivers
v0000000001154660_0 .net "ALUSrcB", 1 0, L_0000000001167280;  1 drivers
v0000000001154ca0_0 .net "IRWrite", 0 0, L_0000000001165ac0;  1 drivers
v0000000001154de0_0 .net "IorD", 0 0, L_0000000001171b50;  1 drivers
v00000000011547a0_0 .net "MemRead", 0 0, L_00000000011715a0;  1 drivers
v0000000001154f20_0 .net "MemWrite", 0 0, L_0000000001164c60;  1 drivers
v0000000001159610_0 .net "MemtoReg", 0 0, L_0000000001166880;  1 drivers
v0000000001159bb0_0 .net "PCSource", 1 0, L_00000000011650c0;  1 drivers
v000000000115a290_0 .net "PCWrite", 0 0, L_00000000011718b0;  1 drivers
v0000000001159390_0 .net "PCWriteCond", 0 0, L_0000000001165160;  1 drivers
v00000000011599d0_0 .net "RegDst", 0 0, L_0000000001166ce0;  1 drivers
v0000000001159d90_0 .net "RegWrite", 0 0, L_0000000001171990;  1 drivers
v0000000001158850_0 .var "clk", 0 0;
v00000000011591b0_0 .var "opcode", 5 0;
v0000000001158490_0 .var "reset", 0 0;
S_0000000001032490 .scope module, "cont" "controller" 2 86, 2 69 0, S_0000000001032300;
 .timescale 0 0;
    .port_info 0 /OUTPUT 1 "PCWrite";
    .port_info 1 /OUTPUT 1 "PCWriteCond";
    .port_info 2 /OUTPUT 1 "IorD";
    .port_info 3 /OUTPUT 1 "MemRead";
    .port_info 4 /OUTPUT 1 "MemWrite";
    .port_info 5 /OUTPUT 1 "IRWrite";
    .port_info 6 /OUTPUT 1 "MemtoReg";
    .port_info 7 /OUTPUT 2 "PCSource";
    .port_info 8 /OUTPUT 2 "ALUOp";
    .port_info 9 /OUTPUT 2 "ALUSrcB";
    .port_info 10 /OUTPUT 1 "ALUSrcA";
    .port_info 11 /OUTPUT 1 "RegWrite";
    .port_info 12 /OUTPUT 1 "RegDst";
    .port_info 13 /INPUT 6 "opcode";
    .port_info 14 /INPUT 1 "clk";
    .port_info 15 /INPUT 1 "reset";
v00000000011554c0_0 .net "ALUOp", 1 0, L_0000000001165d40;  alias, 1 drivers
v0000000001155d80_0 .net "ALUSrcA", 0 0, L_0000000001171760;  alias, 1 drivers
v0000000001155ec0_0 .net "ALUSrcB", 1 0, L_0000000001167280;  alias, 1 drivers
v00000000011566e0_0 .net "IRWrite", 0 0, L_0000000001165ac0;  alias, 1 drivers
v00000000011543e0_0 .net "IorD", 0 0, L_0000000001171b50;  alias, 1 drivers
v00000000011561e0_0 .net "MemRead", 0 0, L_00000000011715a0;  alias, 1 drivers
v0000000001154520_0 .net "MemWrite", 0 0, L_0000000001164c60;  alias, 1 drivers
v0000000001154700_0 .net "MemtoReg", 0 0, L_0000000001166880;  alias, 1 drivers
v00000000011556a0_0 .net "NS", 3 0, L_0000000001166380;  1 drivers
v0000000001155f60_0 .net "PCSource", 1 0, L_00000000011650c0;  alias, 1 drivers
v00000000011545c0_0 .net "PCWrite", 0 0, L_00000000011718b0;  alias, 1 drivers
v0000000001156280_0 .net "PCWriteCond", 0 0, L_0000000001165160;  alias, 1 drivers
v0000000001154e80_0 .net "RegDst", 0 0, L_0000000001166ce0;  alias, 1 drivers
v0000000001156000_0 .net "RegWrite", 0 0, L_0000000001171990;  alias, 1 drivers
v0000000001154980_0 .net "S", 3 0, v0000000001155ce0_0;  1 drivers
v00000000011548e0_0 .net "clk", 0 0, v0000000001158850_0;  1 drivers
v0000000001155740_0 .net "opcode", 5 0, v00000000011591b0_0;  1 drivers
v00000000011540c0_0 .net "reset", 0 0, v0000000001158490_0;  1 drivers
S_000000000102c500 .scope module, "cl" "control_logic" 2 77, 2 15 0, S_0000000001032490;
 .timescale 0 0;
    .port_info 0 /OUTPUT 1 "PCWrite";
    .port_info 1 /OUTPUT 1 "PCWriteCond";
    .port_info 2 /OUTPUT 1 "IorD";
    .port_info 3 /OUTPUT 1 "MemRead";
    .port_info 4 /OUTPUT 1 "MemWrite";
    .port_info 5 /OUTPUT 1 "IRWrite";
    .port_info 6 /OUTPUT 1 "MemtoReg";
    .port_info 7 /OUTPUT 2 "PCSource";
    .port_info 8 /OUTPUT 2 "ALUOp";
    .port_info 9 /OUTPUT 2 "ALUSrcB";
    .port_info 10 /OUTPUT 1 "ALUSrcA";
    .port_info 11 /OUTPUT 1 "RegWrite";
    .port_info 12 /OUTPUT 1 "RegDst";
    .port_info 13 /OUTPUT 4 "NS";
    .port_info 14 /INPUT 4 "S";
    .port_info 15 /INPUT 6 "opcode";
L_000000000107e0c0 .functor NOT 1, L_0000000001158530, C4<0>, C4<0>, C4<0>;
L_000000000107e520 .functor NOT 1, L_000000000115a650, C4<0>, C4<0>, C4<0>;
L_000000000107e3d0 .functor AND 1, L_000000000107e0c0, L_000000000107e520, C4<1>, C4<1>;
L_000000000107e600 .functor NOT 1, L_0000000001159a70, C4<0>, C4<0>, C4<0>;
L_000000000107ebb0 .functor AND 1, L_000000000107e3d0, L_000000000107e600, C4<1>, C4<1>;
L_000000000107e7c0 .functor NOT 1, L_00000000011588f0, C4<0>, C4<0>, C4<0>;
L_000000000107ec20 .functor AND 1, L_000000000107ebb0, L_000000000107e7c0, C4<1>, C4<1>;
L_000000000107e590 .functor NOT 1, L_0000000001159b10, C4<0>, C4<0>, C4<0>;
L_000000000107e050 .functor NOT 1, L_00000000011594d0, C4<0>, C4<0>, C4<0>;
L_000000000107e6e0 .functor AND 1, L_000000000107e590, L_000000000107e050, C4<1>, C4<1>;
L_000000000107ed00 .functor NOT 1, L_0000000001158f30, C4<0>, C4<0>, C4<0>;
L_000000000107e830 .functor AND 1, L_000000000107e6e0, L_000000000107ed00, C4<1>, C4<1>;
L_000000000107ec90 .functor AND 1, L_000000000107e830, L_000000000115a510, C4<1>, C4<1>;
L_000000000107df00 .functor NOT 1, L_0000000001159250, C4<0>, C4<0>, C4<0>;
L_000000000107e130 .functor NOT 1, L_0000000001159c50, C4<0>, C4<0>, C4<0>;
L_000000000107e910 .functor AND 1, L_000000000107df00, L_000000000107e130, C4<1>, C4<1>;
L_000000000107e980 .functor AND 1, L_000000000107e910, L_00000000011585d0, C4<1>, C4<1>;
L_000000000107de90 .functor NOT 1, L_00000000011592f0, C4<0>, C4<0>, C4<0>;
L_000000000107dfe0 .functor AND 1, L_000000000107e980, L_000000000107de90, C4<1>, C4<1>;
L_00000000010ce1a0 .functor NOT 1, L_0000000001159cf0, C4<0>, C4<0>, C4<0>;
L_00000000010ce600 .functor NOT 1, L_0000000001158350, C4<0>, C4<0>, C4<0>;
L_00000000010cddb0 .functor AND 1, L_00000000010ce1a0, L_00000000010ce600, C4<1>, C4<1>;
L_00000000010ce6e0 .functor AND 1, L_00000000010cddb0, L_000000000115a3d0, C4<1>, C4<1>;
L_00000000010cdf70 .functor AND 1, L_00000000010ce6e0, L_0000000001159e30, C4<1>, C4<1>;
L_00000000010ce750 .functor NOT 1, L_0000000001158a30, C4<0>, C4<0>, C4<0>;
L_00000000010ce210 .functor AND 1, L_00000000010ce750, L_0000000001159430, C4<1>, C4<1>;
L_00000000010cdc60 .functor NOT 1, L_0000000001158990, C4<0>, C4<0>, C4<0>;
L_00000000010cdcd0 .functor AND 1, L_00000000010ce210, L_00000000010cdc60, C4<1>, C4<1>;
L_00000000010ce0c0 .functor NOT 1, L_0000000001159570, C4<0>, C4<0>, C4<0>;
L_00000000010ce670 .functor AND 1, L_00000000010cdcd0, L_00000000010ce0c0, C4<1>, C4<1>;
L_00000000010cdb80 .functor NOT 1, L_000000000115a5b0, C4<0>, C4<0>, C4<0>;
L_00000000010ce280 .functor AND 1, L_00000000010cdb80, L_0000000001159ed0, C4<1>, C4<1>;
L_00000000010ce7c0 .functor NOT 1, L_00000000011596b0, C4<0>, C4<0>, C4<0>;
L_00000000010cdfe0 .functor AND 1, L_00000000010ce280, L_00000000010ce7c0, C4<1>, C4<1>;
L_00000000010cde20 .functor AND 1, L_00000000010cdfe0, L_0000000001159750, C4<1>, C4<1>;
L_00000000010ce590 .functor NOT 1, L_0000000001158210, C4<0>, C4<0>, C4<0>;
L_00000000010cd8e0 .functor AND 1, L_00000000010ce590, L_00000000011583f0, C4<1>, C4<1>;
L_00000000010ce130 .functor AND 1, L_00000000010cd8e0, L_000000000115a330, C4<1>, C4<1>;
L_00000000010cdd40 .functor NOT 1, L_0000000001158670, C4<0>, C4<0>, C4<0>;
L_00000000010cdb10 .functor AND 1, L_00000000010ce130, L_00000000010cdd40, C4<1>, C4<1>;
L_00000000010cd950 .functor NOT 1, L_00000000011597f0, C4<0>, C4<0>, C4<0>;
L_00000000010cdaa0 .functor AND 1, L_00000000010cd950, L_000000000115a0b0, C4<1>, C4<1>;
L_00000000010ce2f0 .functor AND 1, L_00000000010cdaa0, L_0000000001159f70, C4<1>, C4<1>;
L_00000000010cd9c0 .functor AND 1, L_00000000010ce2f0, L_0000000001159890, C4<1>, C4<1>;
L_00000000010ce360 .functor NOT 1, L_000000000115a010, C4<0>, C4<0>, C4<0>;
L_00000000010cdbf0 .functor AND 1, L_0000000001158710, L_00000000010ce360, C4<1>, C4<1>;
L_00000000010ce3d0 .functor NOT 1, L_000000000115a470, C4<0>, C4<0>, C4<0>;
L_00000000010ce440 .functor AND 1, L_00000000010cdbf0, L_00000000010ce3d0, C4<1>, C4<1>;
L_00000000010cda30 .functor NOT 1, L_000000000115a6f0, C4<0>, C4<0>, C4<0>;
L_00000000010ce050 .functor AND 1, L_00000000010ce440, L_00000000010cda30, C4<1>, C4<1>;
L_00000000010cde90 .functor NOT 1, L_0000000001158ad0, C4<0>, C4<0>, C4<0>;
L_00000000010ce4b0 .functor AND 1, L_0000000001159930, L_00000000010cde90, C4<1>, C4<1>;
L_00000000010cdf00 .functor NOT 1, L_00000000011580d0, C4<0>, C4<0>, C4<0>;
L_00000000010ce520 .functor AND 1, L_00000000010ce4b0, L_00000000010cdf00, C4<1>, C4<1>;
L_000000000107de20 .functor AND 1, L_00000000010ce520, L_000000000115a150, C4<1>, C4<1>;
L_000000000115ef70 .functor NOT 1, L_00000000011587b0, C4<0>, C4<0>, C4<0>;
L_000000000115ee90 .functor NOT 1, L_0000000001158df0, C4<0>, C4<0>, C4<0>;
L_000000000115ef00 .functor AND 1, L_000000000115ef70, L_000000000115ee90, C4<1>, C4<1>;
L_000000000115efe0 .functor NOT 1, L_0000000001158b70, C4<0>, C4<0>, C4<0>;
L_000000000115f050 .functor AND 1, L_000000000115ef00, L_000000000115efe0, C4<1>, C4<1>;
L_000000000115f130 .functor AND 1, L_000000000115f050, L_000000000115a1f0, C4<1>, C4<1>;
L_000000000115f0c0 .functor NOT 1, L_0000000001158fd0, C4<0>, C4<0>, C4<0>;
L_000000000115e720 .functor AND 1, L_000000000115f130, L_000000000115f0c0, C4<1>, C4<1>;
L_000000000115f280 .functor NOT 1, L_0000000001159110, C4<0>, C4<0>, C4<0>;
L_000000000115eb10 .functor AND 1, L_000000000115e720, L_000000000115f280, C4<1>, C4<1>;
L_000000000115f1a0 .functor NOT 1, L_000000000115a790, C4<0>, C4<0>, C4<0>;
L_000000000115e8e0 .functor AND 1, L_000000000115eb10, L_000000000115f1a0, C4<1>, C4<1>;
L_000000000115e790 .functor NOT 1, L_000000000115a830, C4<0>, C4<0>, C4<0>;
L_000000000115eb80 .functor AND 1, L_000000000115e8e0, L_000000000115e790, C4<1>, C4<1>;
L_000000000115e950 .functor AND 1, L_000000000115eb80, L_0000000001158e90, C4<1>, C4<1>;
L_000000000115e800 .functor NOT 1, L_0000000001158170, C4<0>, C4<0>, C4<0>;
L_000000000115e4f0 .functor AND 1, L_000000000115e950, L_000000000115e800, C4<1>, C4<1>;
L_000000000115e560 .functor NOT 1, L_0000000001158c10, C4<0>, C4<0>, C4<0>;
L_000000000115ed40 .functor NOT 1, L_00000000011582b0, C4<0>, C4<0>, C4<0>;
L_000000000115f2f0 .functor AND 1, L_000000000115e560, L_000000000115ed40, C4<1>, C4<1>;
L_000000000115f210 .functor NOT 1, L_0000000001158cb0, C4<0>, C4<0>, C4<0>;
L_000000000115f3d0 .functor AND 1, L_000000000115f2f0, L_000000000115f210, C4<1>, C4<1>;
L_000000000115ec60 .functor AND 1, L_000000000115f3d0, L_0000000001158d50, C4<1>, C4<1>;
L_000000000115e5d0 .functor NOT 1, L_0000000001159070, C4<0>, C4<0>, C4<0>;
L_000000000115ecd0 .functor AND 1, L_000000000115ec60, L_000000000115e5d0, C4<1>, C4<1>;
L_000000000115e9c0 .functor NOT 1, L_000000000115b870, C4<0>, C4<0>, C4<0>;
L_000000000115e870 .functor AND 1, L_000000000115ecd0, L_000000000115e9c0, C4<1>, C4<1>;
L_000000000115edb0 .functor NOT 1, L_000000000115b910, C4<0>, C4<0>, C4<0>;
L_000000000115ee20 .functor AND 1, L_000000000115e870, L_000000000115edb0, C4<1>, C4<1>;
L_000000000115e640 .functor AND 1, L_000000000115ee20, L_000000000115b230, C4<1>, C4<1>;
L_000000000115e6b0 .functor NOT 1, L_000000000115b9b0, C4<0>, C4<0>, C4<0>;
L_000000000115f360 .functor AND 1, L_000000000115e640, L_000000000115e6b0, C4<1>, C4<1>;
L_000000000115ebf0 .functor NOT 1, L_000000000115ae70, C4<0>, C4<0>, C4<0>;
L_000000000115ea30 .functor AND 1, L_000000000115f360, L_000000000115ebf0, C4<1>, C4<1>;
L_000000000115eaa0 .functor NOT 1, L_000000000115ba50, C4<0>, C4<0>, C4<0>;
L_0000000001161d00 .functor NOT 1, L_000000000115b370, C4<0>, C4<0>, C4<0>;
L_0000000001161c90 .functor AND 1, L_000000000115eaa0, L_0000000001161d00, C4<1>, C4<1>;
L_0000000001162550 .functor NOT 1, L_000000000115beb0, C4<0>, C4<0>, C4<0>;
L_0000000001161de0 .functor AND 1, L_0000000001161c90, L_0000000001162550, C4<1>, C4<1>;
L_0000000001162160 .functor AND 1, L_0000000001161de0, L_000000000115b2d0, C4<1>, C4<1>;
L_00000000011622b0 .functor NOT 1, L_000000000115b730, C4<0>, C4<0>, C4<0>;
L_00000000011619f0 .functor AND 1, L_0000000001162160, L_00000000011622b0, C4<1>, C4<1>;
L_0000000001162240 .functor NOT 1, L_000000000115b690, C4<0>, C4<0>, C4<0>;
L_0000000001161bb0 .functor AND 1, L_00000000011619f0, L_0000000001162240, C4<1>, C4<1>;
L_0000000001161ad0 .functor NOT 1, L_000000000115b7d0, C4<0>, C4<0>, C4<0>;
L_00000000011617c0 .functor AND 1, L_0000000001161bb0, L_0000000001161ad0, C4<1>, C4<1>;
L_0000000001161830 .functor NOT 1, L_000000000115ab50, C4<0>, C4<0>, C4<0>;
L_00000000011621d0 .functor AND 1, L_00000000011617c0, L_0000000001161830, C4<1>, C4<1>;
L_00000000011618a0 .functor NOT 1, L_000000000115b0f0, C4<0>, C4<0>, C4<0>;
L_00000000011624e0 .functor AND 1, L_00000000011621d0, L_00000000011618a0, C4<1>, C4<1>;
L_0000000001161fa0 .functor NOT 1, L_000000000115b050, C4<0>, C4<0>, C4<0>;
L_0000000001162390 .functor AND 1, L_00000000011624e0, L_0000000001161fa0, C4<1>, C4<1>;
L_0000000001161d70 .functor NOT 1, L_000000000115ac90, C4<0>, C4<0>, C4<0>;
L_0000000001162010 .functor NOT 1, L_000000000115baf0, C4<0>, C4<0>, C4<0>;
L_00000000011625c0 .functor AND 1, L_0000000001161d70, L_0000000001162010, C4<1>, C4<1>;
L_0000000001161b40 .functor AND 1, L_00000000011625c0, L_000000000115add0, C4<1>, C4<1>;
L_0000000001162080 .functor NOT 1, L_000000000115bb90, C4<0>, C4<0>, C4<0>;
L_00000000011620f0 .functor AND 1, L_0000000001161b40, L_0000000001162080, C4<1>, C4<1>;
L_00000000011626a0 .functor AND 1, L_00000000011620f0, L_000000000115b410, C4<1>, C4<1>;
L_0000000001162400 .functor NOT 1, L_000000000115a970, C4<0>, C4<0>, C4<0>;
L_0000000001161a60 .functor AND 1, L_00000000011626a0, L_0000000001162400, C4<1>, C4<1>;
L_0000000001161e50 .functor AND 1, L_0000000001161a60, L_000000000115af10, C4<1>, C4<1>;
L_0000000001161ec0 .functor NOT 1, L_000000000115b5f0, C4<0>, C4<0>, C4<0>;
L_0000000001162320 .functor AND 1, L_0000000001161e50, L_0000000001161ec0, C4<1>, C4<1>;
L_0000000001161f30 .functor AND 1, L_0000000001162320, L_000000000115aa10, C4<1>, C4<1>;
L_0000000001162470 .functor AND 1, L_0000000001161f30, L_000000000115b4b0, C4<1>, C4<1>;
L_0000000001162630 .functor NOT 1, L_000000000115b550, C4<0>, C4<0>, C4<0>;
L_0000000001161910 .functor NOT 1, L_000000000115bc30, C4<0>, C4<0>, C4<0>;
L_0000000001161980 .functor AND 1, L_0000000001162630, L_0000000001161910, C4<1>, C4<1>;
L_0000000001161c20 .functor NOT 1, L_000000000115bcd0, C4<0>, C4<0>, C4<0>;
L_0000000001163500 .functor AND 1, L_0000000001161980, L_0000000001161c20, C4<1>, C4<1>;
L_0000000001162d20 .functor AND 1, L_0000000001163500, L_000000000115bd70, C4<1>, C4<1>;
L_00000000011637a0 .functor AND 1, L_0000000001162d20, L_000000000115be10, C4<1>, C4<1>;
L_00000000011635e0 .functor NOT 1, L_000000000115bf50, C4<0>, C4<0>, C4<0>;
L_0000000001163030 .functor AND 1, L_00000000011637a0, L_00000000011635e0, C4<1>, C4<1>;
L_0000000001163570 .functor NOT 1, L_000000000115a8d0, C4<0>, C4<0>, C4<0>;
L_0000000001162bd0 .functor AND 1, L_0000000001163030, L_0000000001163570, C4<1>, C4<1>;
L_00000000011631f0 .functor NOT 1, L_000000000115aab0, C4<0>, C4<0>, C4<0>;
L_0000000001163180 .functor AND 1, L_0000000001162bd0, L_00000000011631f0, C4<1>, C4<1>;
L_0000000001163260 .functor AND 1, L_0000000001163180, L_000000000115abf0, C4<1>, C4<1>;
L_00000000011639d0 .functor AND 1, L_0000000001163260, L_000000000115ad30, C4<1>, C4<1>;
L_0000000001163960 .functor NOT 1, L_000000000115afb0, C4<0>, C4<0>, C4<0>;
L_0000000001163650 .functor NOT 1, L_000000000115b190, C4<0>, C4<0>, C4<0>;
L_00000000011633b0 .functor AND 1, L_0000000001163960, L_0000000001163650, C4<1>, C4<1>;
L_0000000001163880 .functor NOT 1, L_0000000001165840, C4<0>, C4<0>, C4<0>;
L_0000000001162e00 .functor AND 1, L_00000000011633b0, L_0000000001163880, C4<1>, C4<1>;
L_0000000001162f50 .functor AND 1, L_0000000001162e00, L_0000000001166420, C4<1>, C4<1>;
L_00000000011636c0 .functor AND 1, L_0000000001162f50, L_0000000001165700, C4<1>, C4<1>;
L_00000000011630a0 .functor NOT 1, L_00000000011658e0, C4<0>, C4<0>, C4<0>;
L_0000000001163ab0 .functor AND 1, L_00000000011636c0, L_00000000011630a0, C4<1>, C4<1>;
L_0000000001163110 .functor AND 1, L_0000000001163ab0, L_0000000001166560, C4<1>, C4<1>;
L_0000000001163a40 .functor NOT 1, L_0000000001166f60, C4<0>, C4<0>, C4<0>;
L_0000000001163730 .functor AND 1, L_0000000001163110, L_0000000001163a40, C4<1>, C4<1>;
L_00000000011632d0 .functor AND 1, L_0000000001163730, L_00000000011670a0, C4<1>, C4<1>;
L_0000000001163810 .functor AND 1, L_00000000011632d0, L_0000000001165de0, C4<1>, C4<1>;
L_0000000001162c40 .functor NOT 1, L_0000000001165ca0, C4<0>, C4<0>, C4<0>;
L_0000000001162fc0 .functor NOT 1, L_0000000001164d00, C4<0>, C4<0>, C4<0>;
L_0000000001163340 .functor AND 1, L_0000000001162c40, L_0000000001162fc0, C4<1>, C4<1>;
L_0000000001163420 .functor AND 1, L_0000000001163340, L_00000000011673c0, C4<1>, C4<1>;
L_0000000001163490 .functor NOT 1, L_0000000001166a60, C4<0>, C4<0>, C4<0>;
L_0000000001162e70 .functor AND 1, L_0000000001163420, L_0000000001163490, C4<1>, C4<1>;
L_00000000011638f0 .functor AND 1, L_0000000001162e70, L_0000000001166e20, C4<1>, C4<1>;
L_0000000001162ee0 .functor NOT 1, L_00000000011652a0, C4<0>, C4<0>, C4<0>;
L_0000000001162cb0 .functor AND 1, L_00000000011638f0, L_0000000001162ee0, C4<1>, C4<1>;
L_0000000001162d90 .functor NOT 1, L_0000000001166ec0, C4<0>, C4<0>, C4<0>;
L_0000000001171370 .functor AND 1, L_0000000001162cb0, L_0000000001162d90, C4<1>, C4<1>;
L_00000000011714c0 .functor NOT 1, L_0000000001167000, C4<0>, C4<0>, C4<0>;
L_00000000011716f0 .functor AND 1, L_0000000001171370, L_00000000011714c0, C4<1>, C4<1>;
L_0000000001170d50 .functor AND 1, L_00000000011716f0, L_0000000001167140, C4<1>, C4<1>;
L_0000000001170ea0 .functor AND 1, L_0000000001170d50, L_0000000001164ee0, C4<1>, C4<1>;
L_00000000011718b0 .functor OR 1, L_0000000001165020, L_0000000001165980, C4<0>, C4<0>;
L_0000000001171b50 .functor OR 1, L_0000000001164da0, L_0000000001165a20, C4<0>, C4<0>;
L_00000000011715a0 .functor OR 1, L_0000000001165200, L_00000000011657a0, C4<0>, C4<0>;
L_0000000001171450 .functor OR 1, L_00000000011671e0, L_0000000001165340, C4<0>, C4<0>;
L_0000000001171300 .functor OR 1, L_0000000001166c40, L_0000000001166b00, C4<0>, C4<0>;
L_0000000001170ff0 .functor OR 1, L_00000000011667e0, L_00000000011655c0, C4<0>, C4<0>;
L_0000000001171760 .functor OR 1, L_0000000001170ff0, L_0000000001164f80, C4<0>, C4<0>;
L_0000000001171990 .functor OR 1, L_0000000001166100, L_00000000011661a0, C4<0>, C4<0>;
L_0000000001170c70 .functor OR 1, L_0000000001167320, L_00000000011653e0, C4<0>, C4<0>;
L_00000000011713e0 .functor OR 1, L_0000000001165480, L_0000000001165e80, C4<0>, C4<0>;
L_0000000001170f10 .functor OR 1, L_00000000011713e0, L_0000000001165f20, C4<0>, C4<0>;
L_0000000001171530 .functor OR 1, L_0000000001170f10, L_0000000001165fc0, C4<0>, C4<0>;
L_0000000001171060 .functor OR 1, L_0000000001166060, L_00000000011664c0, C4<0>, C4<0>;
L_0000000001171ae0 .functor OR 1, L_0000000001171060, L_0000000001166240, C4<0>, C4<0>;
L_0000000001170f80 .functor OR 1, L_0000000001171ae0, L_0000000001166740, C4<0>, C4<0>;
L_0000000001171610 .functor OR 1, L_0000000001170f80, L_00000000011662e0, C4<0>, C4<0>;
L_00000000011711b0 .functor OR 1, L_0000000001166920, L_0000000001166600, C4<0>, C4<0>;
L_0000000001171680 .functor OR 1, L_00000000011711b0, L_00000000011669c0, C4<0>, C4<0>;
L_00000000011717d0 .functor OR 1, L_0000000001171680, L_0000000001166ba0, C4<0>, C4<0>;
L_0000000001171840 .functor OR 1, L_00000000011717d0, L_0000000001166d80, C4<0>, C4<0>;
v000000000107f8d0_0 .net "ALUOp", 1 0, L_0000000001165d40;  alias, 1 drivers
v00000000010800f0_0 .net "ALUSrcA", 0 0, L_0000000001171760;  alias, 1 drivers
v000000000107fd30_0 .net "ALUSrcB", 1 0, L_0000000001167280;  alias, 1 drivers
v0000000001080cd0_0 .net "IRWrite", 0 0, L_0000000001165ac0;  alias, 1 drivers
v000000000107f0b0_0 .net "IorD", 0 0, L_0000000001171b50;  alias, 1 drivers
v000000000107f1f0_0 .net "MemRead", 0 0, L_00000000011715a0;  alias, 1 drivers
v0000000001080050_0 .net "MemWrite", 0 0, L_0000000001164c60;  alias, 1 drivers
v000000000107f290_0 .net "MemtoReg", 0 0, L_0000000001166880;  alias, 1 drivers
v000000000107f5b0_0 .net "NS", 3 0, L_0000000001166380;  alias, 1 drivers
v000000000107f330_0 .net "PCSource", 1 0, L_00000000011650c0;  alias, 1 drivers
v000000000107f970_0 .net "PCWrite", 0 0, L_00000000011718b0;  alias, 1 drivers
v000000000107f3d0_0 .net "PCWriteCond", 0 0, L_0000000001165160;  alias, 1 drivers
v0000000001080690_0 .net "RegDst", 0 0, L_0000000001166ce0;  alias, 1 drivers
v000000000107f470_0 .net "RegWrite", 0 0, L_0000000001171990;  alias, 1 drivers
v000000000107fa10_0 .net "S", 3 0, v0000000001155ce0_0;  alias, 1 drivers
v000000000107fbf0_0 .net *"_s10", 0 0, L_000000000107e3d0;  1 drivers
v000000000107fdd0_0 .net *"_s100", 0 0, L_00000000010cdc60;  1 drivers
v0000000001080190_0 .net *"_s102", 0 0, L_00000000010cdcd0;  1 drivers
v00000000010cba10_0 .net *"_s105", 0 0, L_0000000001159570;  1 drivers
v00000000010cc870_0 .net *"_s106", 0 0, L_00000000010ce0c0;  1 drivers
v00000000010cc050_0 .net *"_s108", 0 0, L_00000000010ce670;  1 drivers
v00000000010cccd0_0 .net *"_s113", 0 0, L_000000000115a5b0;  1 drivers
v00000000010cd310_0 .net *"_s114", 0 0, L_00000000010cdb80;  1 drivers
v00000000010cc910_0 .net *"_s117", 0 0, L_0000000001159ed0;  1 drivers
v00000000010cbab0_0 .net *"_s118", 0 0, L_00000000010ce280;  1 drivers
v00000000010cb970_0 .net *"_s121", 0 0, L_00000000011596b0;  1 drivers
v00000000010cc2d0_0 .net *"_s122", 0 0, L_00000000010ce7c0;  1 drivers
v00000000010ccd70_0 .net *"_s124", 0 0, L_00000000010cdfe0;  1 drivers
v00000000010cc370_0 .net *"_s127", 0 0, L_0000000001159750;  1 drivers
v00000000010cc9b0_0 .net *"_s128", 0 0, L_00000000010cde20;  1 drivers
v00000000010cceb0_0 .net *"_s13", 0 0, L_0000000001159a70;  1 drivers
v00000000010cbd30_0 .net *"_s133", 0 0, L_0000000001158210;  1 drivers
v00000000010cc4b0_0 .net *"_s134", 0 0, L_00000000010ce590;  1 drivers
v00000000010cd6d0_0 .net *"_s137", 0 0, L_00000000011583f0;  1 drivers
v00000000010cd270_0 .net *"_s138", 0 0, L_00000000010cd8e0;  1 drivers
v00000000010cd3b0_0 .net *"_s14", 0 0, L_000000000107e600;  1 drivers
v00000000010cbf10_0 .net *"_s141", 0 0, L_000000000115a330;  1 drivers
v00000000010cbe70_0 .net *"_s142", 0 0, L_00000000010ce130;  1 drivers
v00000000010cc0f0_0 .net *"_s145", 0 0, L_0000000001158670;  1 drivers
v00000000010ccf50_0 .net *"_s146", 0 0, L_00000000010cdd40;  1 drivers
v00000000010ccc30_0 .net *"_s148", 0 0, L_00000000010cdb10;  1 drivers
v00000000010cca50_0 .net *"_s153", 0 0, L_00000000011597f0;  1 drivers
v00000000010cbb50_0 .net *"_s154", 0 0, L_00000000010cd950;  1 drivers
v00000000010cd130_0 .net *"_s157", 0 0, L_000000000115a0b0;  1 drivers
v00000000010cbdd0_0 .net *"_s158", 0 0, L_00000000010cdaa0;  1 drivers
v00000000010cc230_0 .net *"_s16", 0 0, L_000000000107ebb0;  1 drivers
v00000000010cd090_0 .net *"_s161", 0 0, L_0000000001159f70;  1 drivers
v00000000010cbbf0_0 .net *"_s162", 0 0, L_00000000010ce2f0;  1 drivers
v00000000010cd630_0 .net *"_s165", 0 0, L_0000000001159890;  1 drivers
v00000000010cc550_0 .net *"_s166", 0 0, L_00000000010cd9c0;  1 drivers
v00000000010cbc90_0 .net *"_s171", 0 0, L_0000000001158710;  1 drivers
v00000000010ccaf0_0 .net *"_s173", 0 0, L_000000000115a010;  1 drivers
v00000000010cc410_0 .net *"_s174", 0 0, L_00000000010ce360;  1 drivers
v00000000010cbfb0_0 .net *"_s176", 0 0, L_00000000010cdbf0;  1 drivers
v00000000010ccb90_0 .net *"_s179", 0 0, L_000000000115a470;  1 drivers
v00000000010cc730_0 .net *"_s180", 0 0, L_00000000010ce3d0;  1 drivers
v00000000010cd4f0_0 .net *"_s182", 0 0, L_00000000010ce440;  1 drivers
v00000000010cd590_0 .net *"_s185", 0 0, L_000000000115a6f0;  1 drivers
v00000000010cd770_0 .net *"_s186", 0 0, L_00000000010cda30;  1 drivers
v00000000010cc690_0 .net *"_s188", 0 0, L_00000000010ce050;  1 drivers
v00000000010cc190_0 .net *"_s19", 0 0, L_00000000011588f0;  1 drivers
v00000000010cc5f0_0 .net *"_s193", 0 0, L_0000000001159930;  1 drivers
v00000000010ccff0_0 .net *"_s195", 0 0, L_0000000001158ad0;  1 drivers
v00000000010cd450_0 .net *"_s196", 0 0, L_00000000010cde90;  1 drivers
v00000000010cc7d0_0 .net *"_s198", 0 0, L_00000000010ce4b0;  1 drivers
v00000000010cce10_0 .net *"_s20", 0 0, L_000000000107e7c0;  1 drivers
v00000000010cb8d0_0 .net *"_s201", 0 0, L_00000000011580d0;  1 drivers
v00000000010cd1d0_0 .net *"_s202", 0 0, L_00000000010cdf00;  1 drivers
v000000000114b840_0 .net *"_s204", 0 0, L_00000000010ce520;  1 drivers
v000000000114c060_0 .net *"_s207", 0 0, L_000000000115a150;  1 drivers
v000000000114b480_0 .net *"_s208", 0 0, L_000000000107de20;  1 drivers
v000000000114aa80_0 .net *"_s213", 0 0, L_00000000011587b0;  1 drivers
v000000000114ba20_0 .net *"_s214", 0 0, L_000000000115ef70;  1 drivers
v000000000114c2e0_0 .net *"_s217", 0 0, L_0000000001158df0;  1 drivers
v000000000114b520_0 .net *"_s218", 0 0, L_000000000115ee90;  1 drivers
v000000000114a300_0 .net *"_s22", 0 0, L_000000000107ec20;  1 drivers
v000000000114a120_0 .net *"_s220", 0 0, L_000000000115ef00;  1 drivers
v000000000114ad00_0 .net *"_s223", 0 0, L_0000000001158b70;  1 drivers
v000000000114bac0_0 .net *"_s224", 0 0, L_000000000115efe0;  1 drivers
v000000000114ada0_0 .net *"_s226", 0 0, L_000000000115f050;  1 drivers
v000000000114b5c0_0 .net *"_s229", 0 0, L_000000000115a1f0;  1 drivers
v000000000114bca0_0 .net *"_s230", 0 0, L_000000000115f130;  1 drivers
v000000000114a6c0_0 .net *"_s233", 0 0, L_0000000001158fd0;  1 drivers
v000000000114af80_0 .net *"_s234", 0 0, L_000000000115f0c0;  1 drivers
v000000000114c6a0_0 .net *"_s236", 0 0, L_000000000115e720;  1 drivers
v000000000114c1a0_0 .net *"_s239", 0 0, L_0000000001159110;  1 drivers
v000000000114b8e0_0 .net *"_s240", 0 0, L_000000000115f280;  1 drivers
v000000000114bc00_0 .net *"_s242", 0 0, L_000000000115eb10;  1 drivers
v000000000114ab20_0 .net *"_s245", 0 0, L_000000000115a790;  1 drivers
v000000000114a4e0_0 .net *"_s246", 0 0, L_000000000115f1a0;  1 drivers
v000000000114a080_0 .net *"_s248", 0 0, L_000000000115e8e0;  1 drivers
v000000000114a580_0 .net *"_s251", 0 0, L_000000000115a830;  1 drivers
v000000000114b660_0 .net *"_s252", 0 0, L_000000000115e790;  1 drivers
v000000000114c4c0_0 .net *"_s254", 0 0, L_000000000115eb80;  1 drivers
v000000000114a1c0_0 .net *"_s257", 0 0, L_0000000001158e90;  1 drivers
v000000000114c560_0 .net *"_s258", 0 0, L_000000000115e950;  1 drivers
v000000000114abc0_0 .net *"_s261", 0 0, L_0000000001158170;  1 drivers
v000000000114b980_0 .net *"_s262", 0 0, L_000000000115e800;  1 drivers
v000000000114bde0_0 .net *"_s264", 0 0, L_000000000115e4f0;  1 drivers
v000000000114a620_0 .net *"_s269", 0 0, L_0000000001158c10;  1 drivers
v000000000114c7e0_0 .net *"_s27", 0 0, L_0000000001159b10;  1 drivers
v000000000114ac60_0 .net *"_s270", 0 0, L_000000000115e560;  1 drivers
v000000000114b700_0 .net *"_s273", 0 0, L_00000000011582b0;  1 drivers
v000000000114b160_0 .net *"_s274", 0 0, L_000000000115ed40;  1 drivers
v000000000114ae40_0 .net *"_s276", 0 0, L_000000000115f2f0;  1 drivers
v000000000114b7a0_0 .net *"_s279", 0 0, L_0000000001158cb0;  1 drivers
v000000000114a440_0 .net *"_s28", 0 0, L_000000000107e590;  1 drivers
v000000000114bb60_0 .net *"_s280", 0 0, L_000000000115f210;  1 drivers
v000000000114b0c0_0 .net *"_s282", 0 0, L_000000000115f3d0;  1 drivers
v000000000114bd40_0 .net *"_s285", 0 0, L_0000000001158d50;  1 drivers
v000000000114a760_0 .net *"_s286", 0 0, L_000000000115ec60;  1 drivers
v000000000114aee0_0 .net *"_s289", 0 0, L_0000000001159070;  1 drivers
v000000000114be80_0 .net *"_s290", 0 0, L_000000000115e5d0;  1 drivers
v000000000114a800_0 .net *"_s292", 0 0, L_000000000115ecd0;  1 drivers
v000000000114b340_0 .net *"_s295", 0 0, L_000000000115b870;  1 drivers
v000000000114c240_0 .net *"_s296", 0 0, L_000000000115e9c0;  1 drivers
v000000000114bf20_0 .net *"_s298", 0 0, L_000000000115e870;  1 drivers
v000000000114a8a0_0 .net *"_s3", 0 0, L_0000000001158530;  1 drivers
v000000000114b020_0 .net *"_s301", 0 0, L_000000000115b910;  1 drivers
v000000000114a260_0 .net *"_s302", 0 0, L_000000000115edb0;  1 drivers
v000000000114c740_0 .net *"_s304", 0 0, L_000000000115ee20;  1 drivers
v000000000114c100_0 .net *"_s307", 0 0, L_000000000115b230;  1 drivers
v000000000114b200_0 .net *"_s308", 0 0, L_000000000115e640;  1 drivers
v000000000114bfc0_0 .net *"_s31", 0 0, L_00000000011594d0;  1 drivers
v000000000114c380_0 .net *"_s311", 0 0, L_000000000115b9b0;  1 drivers
v000000000114c420_0 .net *"_s312", 0 0, L_000000000115e6b0;  1 drivers
v000000000114c600_0 .net *"_s314", 0 0, L_000000000115f360;  1 drivers
v000000000114a940_0 .net *"_s317", 0 0, L_000000000115ae70;  1 drivers
v000000000114a9e0_0 .net *"_s318", 0 0, L_000000000115ebf0;  1 drivers
v000000000114a3a0_0 .net *"_s32", 0 0, L_000000000107e050;  1 drivers
v000000000114b2a0_0 .net *"_s320", 0 0, L_000000000115ea30;  1 drivers
v000000000114b3e0_0 .net *"_s325", 0 0, L_000000000115ba50;  1 drivers
v000000000114cba0_0 .net *"_s326", 0 0, L_000000000115eaa0;  1 drivers
v000000000114d000_0 .net *"_s329", 0 0, L_000000000115b370;  1 drivers
v000000000114cd80_0 .net *"_s330", 0 0, L_0000000001161d00;  1 drivers
v000000000114cec0_0 .net *"_s332", 0 0, L_0000000001161c90;  1 drivers
v000000000114df00_0 .net *"_s335", 0 0, L_000000000115beb0;  1 drivers
v000000000114d1e0_0 .net *"_s336", 0 0, L_0000000001162550;  1 drivers
v000000000114dc80_0 .net *"_s338", 0 0, L_0000000001161de0;  1 drivers
v000000000114cb00_0 .net *"_s34", 0 0, L_000000000107e6e0;  1 drivers
v000000000114de60_0 .net *"_s341", 0 0, L_000000000115b2d0;  1 drivers
v000000000114dbe0_0 .net *"_s342", 0 0, L_0000000001162160;  1 drivers
v000000000114d280_0 .net *"_s345", 0 0, L_000000000115b730;  1 drivers
v000000000114d320_0 .net *"_s346", 0 0, L_00000000011622b0;  1 drivers
v000000000114dd20_0 .net *"_s348", 0 0, L_00000000011619f0;  1 drivers
v000000000114d3c0_0 .net *"_s351", 0 0, L_000000000115b690;  1 drivers
v000000000114d780_0 .net *"_s352", 0 0, L_0000000001162240;  1 drivers
v000000000114d460_0 .net *"_s354", 0 0, L_0000000001161bb0;  1 drivers
v000000000114cc40_0 .net *"_s357", 0 0, L_000000000115b7d0;  1 drivers
v000000000114ce20_0 .net *"_s358", 0 0, L_0000000001161ad0;  1 drivers
v000000000114d8c0_0 .net *"_s360", 0 0, L_00000000011617c0;  1 drivers
v000000000114db40_0 .net *"_s363", 0 0, L_000000000115ab50;  1 drivers
v000000000114ddc0_0 .net *"_s364", 0 0, L_0000000001161830;  1 drivers
v000000000114cf60_0 .net *"_s366", 0 0, L_00000000011621d0;  1 drivers
v000000000114cce0_0 .net *"_s369", 0 0, L_000000000115b0f0;  1 drivers
v000000000114d0a0_0 .net *"_s37", 0 0, L_0000000001158f30;  1 drivers
v000000000114d960_0 .net *"_s370", 0 0, L_00000000011618a0;  1 drivers
v000000000114d6e0_0 .net *"_s372", 0 0, L_00000000011624e0;  1 drivers
v000000000114d500_0 .net *"_s375", 0 0, L_000000000115b050;  1 drivers
v000000000114c9c0_0 .net *"_s376", 0 0, L_0000000001161fa0;  1 drivers
v000000000114daa0_0 .net *"_s378", 0 0, L_0000000001162390;  1 drivers
v000000000114d140_0 .net *"_s38", 0 0, L_000000000107ed00;  1 drivers
v000000000114d5a0_0 .net *"_s383", 0 0, L_000000000115ac90;  1 drivers
v000000000114da00_0 .net *"_s384", 0 0, L_0000000001161d70;  1 drivers
v000000000114ca60_0 .net *"_s387", 0 0, L_000000000115baf0;  1 drivers
v000000000114c880_0 .net *"_s388", 0 0, L_0000000001162010;  1 drivers
v000000000114d640_0 .net *"_s390", 0 0, L_00000000011625c0;  1 drivers
v000000000114d820_0 .net *"_s393", 0 0, L_000000000115add0;  1 drivers
v000000000114c920_0 .net *"_s394", 0 0, L_0000000001161b40;  1 drivers
v000000000114ee50_0 .net *"_s397", 0 0, L_000000000115bb90;  1 drivers
v000000000114e770_0 .net *"_s398", 0 0, L_0000000001162080;  1 drivers
v000000000114fd50_0 .net *"_s4", 0 0, L_000000000107e0c0;  1 drivers
v000000000114eef0_0 .net *"_s40", 0 0, L_000000000107e830;  1 drivers
v000000000114e810_0 .net *"_s400", 0 0, L_00000000011620f0;  1 drivers
v000000000114fdf0_0 .net *"_s403", 0 0, L_000000000115b410;  1 drivers
v000000000114fe90_0 .net *"_s404", 0 0, L_00000000011626a0;  1 drivers
v000000000114f490_0 .net *"_s407", 0 0, L_000000000115a970;  1 drivers
v000000000114e8b0_0 .net *"_s408", 0 0, L_0000000001162400;  1 drivers
v0000000001150610_0 .net *"_s410", 0 0, L_0000000001161a60;  1 drivers
v000000000114f350_0 .net *"_s413", 0 0, L_000000000115af10;  1 drivers
v000000000114f990_0 .net *"_s414", 0 0, L_0000000001161e50;  1 drivers
v000000000114f3f0_0 .net *"_s417", 0 0, L_000000000115b5f0;  1 drivers
v00000000011506b0_0 .net *"_s418", 0 0, L_0000000001161ec0;  1 drivers
v000000000114e6d0_0 .net *"_s420", 0 0, L_0000000001162320;  1 drivers
v000000000114ff30_0 .net *"_s423", 0 0, L_000000000115aa10;  1 drivers
v000000000114ef90_0 .net *"_s424", 0 0, L_0000000001161f30;  1 drivers
v000000000114f5d0_0 .net *"_s427", 0 0, L_000000000115b4b0;  1 drivers
v000000000114fa30_0 .net *"_s428", 0 0, L_0000000001162470;  1 drivers
v000000000114f670_0 .net *"_s43", 0 0, L_000000000115a510;  1 drivers
v000000000114f850_0 .net *"_s433", 0 0, L_000000000115b550;  1 drivers
v00000000011501b0_0 .net *"_s434", 0 0, L_0000000001162630;  1 drivers
v0000000001150070_0 .net *"_s437", 0 0, L_000000000115bc30;  1 drivers
v000000000114e450_0 .net *"_s438", 0 0, L_0000000001161910;  1 drivers
v000000000114fad0_0 .net *"_s44", 0 0, L_000000000107ec90;  1 drivers
v000000000114edb0_0 .net *"_s440", 0 0, L_0000000001161980;  1 drivers
v000000000114ec70_0 .net *"_s443", 0 0, L_000000000115bcd0;  1 drivers
v000000000114fb70_0 .net *"_s444", 0 0, L_0000000001161c20;  1 drivers
v000000000114f530_0 .net *"_s446", 0 0, L_0000000001163500;  1 drivers
v000000000114f710_0 .net *"_s449", 0 0, L_000000000115bd70;  1 drivers
v000000000114f7b0_0 .net *"_s450", 0 0, L_0000000001162d20;  1 drivers
v000000000114e950_0 .net *"_s453", 0 0, L_000000000115be10;  1 drivers
v000000000114e130_0 .net *"_s454", 0 0, L_00000000011637a0;  1 drivers
v0000000001150250_0 .net *"_s457", 0 0, L_000000000115bf50;  1 drivers
v000000000114e9f0_0 .net *"_s458", 0 0, L_00000000011635e0;  1 drivers
v000000000114f030_0 .net *"_s460", 0 0, L_0000000001163030;  1 drivers
v000000000114ea90_0 .net *"_s463", 0 0, L_000000000115a8d0;  1 drivers
v000000000114e1d0_0 .net *"_s464", 0 0, L_0000000001163570;  1 drivers
v0000000001150750_0 .net *"_s466", 0 0, L_0000000001162bd0;  1 drivers
v0000000001150110_0 .net *"_s469", 0 0, L_000000000115aab0;  1 drivers
v000000000114f170_0 .net *"_s470", 0 0, L_00000000011631f0;  1 drivers
v000000000114fc10_0 .net *"_s472", 0 0, L_0000000001163180;  1 drivers
v0000000001150390_0 .net *"_s475", 0 0, L_000000000115abf0;  1 drivers
v000000000114f8f0_0 .net *"_s476", 0 0, L_0000000001163260;  1 drivers
v000000000114fcb0_0 .net *"_s479", 0 0, L_000000000115ad30;  1 drivers
v000000000114eb30_0 .net *"_s480", 0 0, L_00000000011639d0;  1 drivers
v000000000114ebd0_0 .net *"_s485", 0 0, L_000000000115afb0;  1 drivers
v00000000011502f0_0 .net *"_s486", 0 0, L_0000000001163960;  1 drivers
v000000000114e4f0_0 .net *"_s489", 0 0, L_000000000115b190;  1 drivers
v000000000114f0d0_0 .net *"_s49", 0 0, L_0000000001159250;  1 drivers
v000000000114ed10_0 .net *"_s490", 0 0, L_0000000001163650;  1 drivers
v000000000114f210_0 .net *"_s492", 0 0, L_00000000011633b0;  1 drivers
v000000000114f2b0_0 .net *"_s495", 0 0, L_0000000001165840;  1 drivers
v000000000114ffd0_0 .net *"_s496", 0 0, L_0000000001163880;  1 drivers
v00000000011507f0_0 .net *"_s498", 0 0, L_0000000001162e00;  1 drivers
v0000000001150430_0 .net *"_s50", 0 0, L_000000000107df00;  1 drivers
v00000000011504d0_0 .net *"_s501", 0 0, L_0000000001166420;  1 drivers
v000000000114e590_0 .net *"_s502", 0 0, L_0000000001162f50;  1 drivers
v000000000114e090_0 .net *"_s505", 0 0, L_0000000001165700;  1 drivers
v0000000001150570_0 .net *"_s506", 0 0, L_00000000011636c0;  1 drivers
v000000000114e270_0 .net *"_s509", 0 0, L_00000000011658e0;  1 drivers
v000000000114e310_0 .net *"_s510", 0 0, L_00000000011630a0;  1 drivers
v000000000114e3b0_0 .net *"_s512", 0 0, L_0000000001163ab0;  1 drivers
v000000000114e630_0 .net *"_s515", 0 0, L_0000000001166560;  1 drivers
v0000000001151790_0 .net *"_s516", 0 0, L_0000000001163110;  1 drivers
v0000000001151290_0 .net *"_s519", 0 0, L_0000000001166f60;  1 drivers
v0000000001150c50_0 .net *"_s520", 0 0, L_0000000001163a40;  1 drivers
v0000000001150e30_0 .net *"_s522", 0 0, L_0000000001163730;  1 drivers
v00000000011518d0_0 .net *"_s525", 0 0, L_00000000011670a0;  1 drivers
v0000000001151b50_0 .net *"_s526", 0 0, L_00000000011632d0;  1 drivers
v0000000001151bf0_0 .net *"_s529", 0 0, L_0000000001165de0;  1 drivers
v0000000001150d90_0 .net *"_s53", 0 0, L_0000000001159c50;  1 drivers
v0000000001150cf0_0 .net *"_s530", 0 0, L_0000000001163810;  1 drivers
v0000000001150ed0_0 .net *"_s536", 0 0, L_0000000001165ca0;  1 drivers
v0000000001151970_0 .net *"_s537", 0 0, L_0000000001162c40;  1 drivers
v00000000011516f0_0 .net *"_s54", 0 0, L_000000000107e130;  1 drivers
v0000000001151470_0 .net *"_s540", 0 0, L_0000000001164d00;  1 drivers
v00000000011509d0_0 .net *"_s541", 0 0, L_0000000001162fc0;  1 drivers
v0000000001151ab0_0 .net *"_s543", 0 0, L_0000000001163340;  1 drivers
v0000000001150f70_0 .net *"_s546", 0 0, L_00000000011673c0;  1 drivers
v0000000001151010_0 .net *"_s547", 0 0, L_0000000001163420;  1 drivers
v0000000001151a10_0 .net *"_s550", 0 0, L_0000000001166a60;  1 drivers
v0000000001150a70_0 .net *"_s551", 0 0, L_0000000001163490;  1 drivers
v0000000001151e70_0 .net *"_s553", 0 0, L_0000000001162e70;  1 drivers
v00000000011511f0_0 .net *"_s556", 0 0, L_0000000001166e20;  1 drivers
v0000000001150b10_0 .net *"_s557", 0 0, L_00000000011638f0;  1 drivers
v00000000011515b0_0 .net *"_s56", 0 0, L_000000000107e910;  1 drivers
v00000000011510b0_0 .net *"_s560", 0 0, L_00000000011652a0;  1 drivers
v0000000001151c90_0 .net *"_s561", 0 0, L_0000000001162ee0;  1 drivers
v0000000001150bb0_0 .net *"_s563", 0 0, L_0000000001162cb0;  1 drivers
v0000000001151330_0 .net *"_s566", 0 0, L_0000000001166ec0;  1 drivers
v0000000001151d30_0 .net *"_s567", 0 0, L_0000000001162d90;  1 drivers
v0000000001151dd0_0 .net *"_s569", 0 0, L_0000000001171370;  1 drivers
v0000000001151150_0 .net *"_s572", 0 0, L_0000000001167000;  1 drivers
v00000000011513d0_0 .net *"_s573", 0 0, L_00000000011714c0;  1 drivers
v0000000001151510_0 .net *"_s575", 0 0, L_00000000011716f0;  1 drivers
v0000000001151f10_0 .net *"_s578", 0 0, L_0000000001167140;  1 drivers
v0000000001151830_0 .net *"_s579", 0 0, L_0000000001170d50;  1 drivers
v0000000001151650_0 .net *"_s582", 0 0, L_0000000001164ee0;  1 drivers
v0000000001150890_0 .net *"_s583", 0 0, L_0000000001170ea0;  1 drivers
v0000000001150930_0 .net *"_s586", 0 0, L_0000000001165020;  1 drivers
v0000000001156d20_0 .net *"_s588", 0 0, L_0000000001165980;  1 drivers
v0000000001157d60_0 .net *"_s59", 0 0, L_00000000011585d0;  1 drivers
v0000000001157680_0 .net *"_s594", 0 0, L_0000000001164da0;  1 drivers
v00000000011572c0_0 .net *"_s596", 0 0, L_0000000001165a20;  1 drivers
v0000000001156f00_0 .net *"_s60", 0 0, L_000000000107e980;  1 drivers
v0000000001157360_0 .net *"_s600", 0 0, L_0000000001165200;  1 drivers
v00000000011579a0_0 .net *"_s602", 0 0, L_00000000011657a0;  1 drivers
v00000000011570e0_0 .net *"_s614", 0 0, L_0000000001165b60;  1 drivers
v0000000001157180_0 .net *"_s619", 0 0, L_0000000001165c00;  1 drivers
v0000000001156c80_0 .net *"_s623", 0 0, L_0000000001164e40;  1 drivers
v0000000001157900_0 .net *"_s628", 0 0, L_00000000011666a0;  1 drivers
v0000000001157ea0_0 .net *"_s63", 0 0, L_00000000011592f0;  1 drivers
v0000000001157220_0 .net *"_s632", 0 0, L_00000000011671e0;  1 drivers
v0000000001156b40_0 .net *"_s634", 0 0, L_0000000001165340;  1 drivers
v00000000011575e0_0 .net *"_s635", 0 0, L_0000000001171450;  1 drivers
v0000000001157400_0 .net *"_s64", 0 0, L_000000000107de90;  1 drivers
v0000000001157ae0_0 .net *"_s641", 0 0, L_0000000001166c40;  1 drivers
v0000000001156be0_0 .net *"_s643", 0 0, L_0000000001166b00;  1 drivers
v00000000011574a0_0 .net *"_s644", 0 0, L_0000000001171300;  1 drivers
v0000000001157a40_0 .net *"_s647", 0 0, L_00000000011667e0;  1 drivers
v0000000001157b80_0 .net *"_s649", 0 0, L_00000000011655c0;  1 drivers
v0000000001157cc0_0 .net *"_s650", 0 0, L_0000000001170ff0;  1 drivers
v0000000001157540_0 .net *"_s653", 0 0, L_0000000001164f80;  1 drivers
v0000000001156aa0_0 .net *"_s657", 0 0, L_0000000001166100;  1 drivers
v0000000001156dc0_0 .net *"_s659", 0 0, L_00000000011661a0;  1 drivers
v0000000001157720_0 .net *"_s66", 0 0, L_000000000107dfe0;  1 drivers
v0000000001157c20_0 .net *"_s667", 0 0, L_0000000001167320;  1 drivers
v00000000011577c0_0 .net *"_s669", 0 0, L_00000000011653e0;  1 drivers
v00000000011568c0_0 .net *"_s670", 0 0, L_0000000001170c70;  1 drivers
v0000000001156960_0 .net *"_s675", 0 0, L_0000000001165480;  1 drivers
v0000000001157e00_0 .net *"_s677", 0 0, L_0000000001165e80;  1 drivers
v0000000001157860_0 .net *"_s678", 0 0, L_00000000011713e0;  1 drivers
v0000000001157f40_0 .net *"_s681", 0 0, L_0000000001165f20;  1 drivers
v0000000001156a00_0 .net *"_s682", 0 0, L_0000000001170f10;  1 drivers
v0000000001156e60_0 .net *"_s685", 0 0, L_0000000001165fc0;  1 drivers
v0000000001156fa0_0 .net *"_s686", 0 0, L_0000000001171530;  1 drivers
v0000000001157040_0 .net *"_s691", 0 0, L_0000000001166060;  1 drivers
v0000000001155920_0 .net *"_s693", 0 0, L_00000000011664c0;  1 drivers
v0000000001156320_0 .net *"_s694", 0 0, L_0000000001171060;  1 drivers
v0000000001155560_0 .net *"_s697", 0 0, L_0000000001166240;  1 drivers
v00000000011559c0_0 .net *"_s698", 0 0, L_0000000001171ae0;  1 drivers
v0000000001154c00_0 .net *"_s7", 0 0, L_000000000115a650;  1 drivers
v0000000001155b00_0 .net *"_s701", 0 0, L_0000000001166740;  1 drivers
v0000000001155240_0 .net *"_s702", 0 0, L_0000000001170f80;  1 drivers
v00000000011552e0_0 .net *"_s705", 0 0, L_00000000011662e0;  1 drivers
v00000000011560a0_0 .net *"_s706", 0 0, L_0000000001171610;  1 drivers
v0000000001154160_0 .net *"_s71", 0 0, L_0000000001159cf0;  1 drivers
v0000000001154fc0_0 .net *"_s712", 0 0, L_0000000001166920;  1 drivers
v0000000001155ba0_0 .net *"_s714", 0 0, L_0000000001166600;  1 drivers
v00000000011563c0_0 .net *"_s715", 0 0, L_00000000011711b0;  1 drivers
v0000000001155600_0 .net *"_s718", 0 0, L_00000000011669c0;  1 drivers
v0000000001155100_0 .net *"_s719", 0 0, L_0000000001171680;  1 drivers
v0000000001156500_0 .net *"_s72", 0 0, L_00000000010ce1a0;  1 drivers
v00000000011565a0_0 .net *"_s722", 0 0, L_0000000001166ba0;  1 drivers
v0000000001156640_0 .net *"_s723", 0 0, L_00000000011717d0;  1 drivers
v0000000001155380_0 .net *"_s726", 0 0, L_0000000001166d80;  1 drivers
v0000000001154340_0 .net *"_s727", 0 0, L_0000000001171840;  1 drivers
v0000000001154ac0_0 .net *"_s75", 0 0, L_0000000001158350;  1 drivers
v0000000001155e20_0 .net *"_s76", 0 0, L_00000000010ce600;  1 drivers
v0000000001156140_0 .net *"_s78", 0 0, L_00000000010cddb0;  1 drivers
v0000000001154480_0 .net *"_s8", 0 0, L_000000000107e520;  1 drivers
v0000000001155a60_0 .net *"_s81", 0 0, L_000000000115a3d0;  1 drivers
v0000000001156780_0 .net *"_s82", 0 0, L_00000000010ce6e0;  1 drivers
v0000000001154b60_0 .net *"_s85", 0 0, L_0000000001159e30;  1 drivers
v00000000011551a0_0 .net *"_s86", 0 0, L_00000000010cdf70;  1 drivers
v0000000001156820_0 .net *"_s91", 0 0, L_0000000001158a30;  1 drivers
v0000000001155060_0 .net *"_s92", 0 0, L_00000000010ce750;  1 drivers
v0000000001154200_0 .net *"_s95", 0 0, L_0000000001159430;  1 drivers
v0000000001154840_0 .net *"_s96", 0 0, L_00000000010ce210;  1 drivers
v0000000001154d40_0 .net *"_s99", 0 0, L_0000000001158990;  1 drivers
v0000000001156460_0 .net "opcode", 5 0, v00000000011591b0_0;  alias, 1 drivers
v0000000001155420_0 .net "w", 0 16, L_0000000001165520;  1 drivers
L_0000000001158530 .part v0000000001155ce0_0, 3, 1;
L_000000000115a650 .part v0000000001155ce0_0, 2, 1;
L_0000000001159a70 .part v0000000001155ce0_0, 1, 1;
L_00000000011588f0 .part v0000000001155ce0_0, 0, 1;
L_0000000001159b10 .part v0000000001155ce0_0, 3, 1;
L_00000000011594d0 .part v0000000001155ce0_0, 2, 1;
L_0000000001158f30 .part v0000000001155ce0_0, 1, 1;
L_000000000115a510 .part v0000000001155ce0_0, 0, 1;
L_0000000001159250 .part v0000000001155ce0_0, 3, 1;
L_0000000001159c50 .part v0000000001155ce0_0, 2, 1;
L_00000000011585d0 .part v0000000001155ce0_0, 1, 1;
L_00000000011592f0 .part v0000000001155ce0_0, 0, 1;
L_0000000001159cf0 .part v0000000001155ce0_0, 3, 1;
L_0000000001158350 .part v0000000001155ce0_0, 2, 1;
L_000000000115a3d0 .part v0000000001155ce0_0, 1, 1;
L_0000000001159e30 .part v0000000001155ce0_0, 0, 1;
L_0000000001158a30 .part v0000000001155ce0_0, 3, 1;
L_0000000001159430 .part v0000000001155ce0_0, 2, 1;
L_0000000001158990 .part v0000000001155ce0_0, 1, 1;
L_0000000001159570 .part v0000000001155ce0_0, 0, 1;
L_000000000115a5b0 .part v0000000001155ce0_0, 3, 1;
L_0000000001159ed0 .part v0000000001155ce0_0, 2, 1;
L_00000000011596b0 .part v0000000001155ce0_0, 1, 1;
L_0000000001159750 .part v0000000001155ce0_0, 0, 1;
L_0000000001158210 .part v0000000001155ce0_0, 3, 1;
L_00000000011583f0 .part v0000000001155ce0_0, 2, 1;
L_000000000115a330 .part v0000000001155ce0_0, 1, 1;
L_0000000001158670 .part v0000000001155ce0_0, 0, 1;
L_00000000011597f0 .part v0000000001155ce0_0, 3, 1;
L_000000000115a0b0 .part v0000000001155ce0_0, 2, 1;
L_0000000001159f70 .part v0000000001155ce0_0, 1, 1;
L_0000000001159890 .part v0000000001155ce0_0, 0, 1;
L_0000000001158710 .part v0000000001155ce0_0, 3, 1;
L_000000000115a010 .part v0000000001155ce0_0, 2, 1;
L_000000000115a470 .part v0000000001155ce0_0, 1, 1;
L_000000000115a6f0 .part v0000000001155ce0_0, 0, 1;
L_0000000001159930 .part v0000000001155ce0_0, 3, 1;
L_0000000001158ad0 .part v0000000001155ce0_0, 2, 1;
L_00000000011580d0 .part v0000000001155ce0_0, 1, 1;
L_000000000115a150 .part v0000000001155ce0_0, 0, 1;
L_00000000011587b0 .part v0000000001155ce0_0, 3, 1;
L_0000000001158df0 .part v0000000001155ce0_0, 2, 1;
L_0000000001158b70 .part v0000000001155ce0_0, 1, 1;
L_000000000115a1f0 .part v0000000001155ce0_0, 0, 1;
L_0000000001158fd0 .part v00000000011591b0_0, 5, 1;
L_0000000001159110 .part v00000000011591b0_0, 4, 1;
L_000000000115a790 .part v00000000011591b0_0, 3, 1;
L_000000000115a830 .part v00000000011591b0_0, 2, 1;
L_0000000001158e90 .part v00000000011591b0_0, 1, 1;
L_0000000001158170 .part v00000000011591b0_0, 0, 1;
L_0000000001158c10 .part v0000000001155ce0_0, 3, 1;
L_00000000011582b0 .part v0000000001155ce0_0, 2, 1;
L_0000000001158cb0 .part v0000000001155ce0_0, 1, 1;
L_0000000001158d50 .part v0000000001155ce0_0, 0, 1;
L_0000000001159070 .part v00000000011591b0_0, 5, 1;
L_000000000115b870 .part v00000000011591b0_0, 4, 1;
L_000000000115b910 .part v00000000011591b0_0, 3, 1;
L_000000000115b230 .part v00000000011591b0_0, 2, 1;
L_000000000115b9b0 .part v00000000011591b0_0, 1, 1;
L_000000000115ae70 .part v00000000011591b0_0, 0, 1;
L_000000000115ba50 .part v0000000001155ce0_0, 3, 1;
L_000000000115b370 .part v0000000001155ce0_0, 2, 1;
L_000000000115beb0 .part v0000000001155ce0_0, 1, 1;
L_000000000115b2d0 .part v0000000001155ce0_0, 0, 1;
L_000000000115b730 .part v00000000011591b0_0, 5, 1;
L_000000000115b690 .part v00000000011591b0_0, 4, 1;
L_000000000115b7d0 .part v00000000011591b0_0, 3, 1;
L_000000000115ab50 .part v00000000011591b0_0, 2, 1;
L_000000000115b0f0 .part v00000000011591b0_0, 1, 1;
L_000000000115b050 .part v00000000011591b0_0, 0, 1;
L_000000000115ac90 .part v0000000001155ce0_0, 3, 1;
L_000000000115baf0 .part v0000000001155ce0_0, 2, 1;
L_000000000115add0 .part v0000000001155ce0_0, 1, 1;
L_000000000115bb90 .part v0000000001155ce0_0, 0, 1;
L_000000000115b410 .part v00000000011591b0_0, 5, 1;
L_000000000115a970 .part v00000000011591b0_0, 4, 1;
L_000000000115af10 .part v00000000011591b0_0, 3, 1;
L_000000000115b5f0 .part v00000000011591b0_0, 2, 1;
L_000000000115aa10 .part v00000000011591b0_0, 1, 1;
L_000000000115b4b0 .part v00000000011591b0_0, 0, 1;
L_000000000115b550 .part v0000000001155ce0_0, 3, 1;
L_000000000115bc30 .part v0000000001155ce0_0, 2, 1;
L_000000000115bcd0 .part v0000000001155ce0_0, 1, 1;
L_000000000115bd70 .part v0000000001155ce0_0, 0, 1;
L_000000000115be10 .part v00000000011591b0_0, 5, 1;
L_000000000115bf50 .part v00000000011591b0_0, 4, 1;
L_000000000115a8d0 .part v00000000011591b0_0, 3, 1;
L_000000000115aab0 .part v00000000011591b0_0, 2, 1;
L_000000000115abf0 .part v00000000011591b0_0, 1, 1;
L_000000000115ad30 .part v00000000011591b0_0, 0, 1;
L_000000000115afb0 .part v0000000001155ce0_0, 3, 1;
L_000000000115b190 .part v0000000001155ce0_0, 2, 1;
L_0000000001165840 .part v0000000001155ce0_0, 1, 1;
L_0000000001166420 .part v0000000001155ce0_0, 0, 1;
L_0000000001165700 .part v00000000011591b0_0, 5, 1;
L_00000000011658e0 .part v00000000011591b0_0, 4, 1;
L_0000000001166560 .part v00000000011591b0_0, 3, 1;
L_0000000001166f60 .part v00000000011591b0_0, 2, 1;
L_00000000011670a0 .part v00000000011591b0_0, 1, 1;
L_0000000001165de0 .part v00000000011591b0_0, 0, 1;
LS_0000000001165520_0_0 .concat8 [ 1 1 1 1], L_0000000001170ea0, L_0000000001163810, L_00000000011639d0, L_0000000001162470;
LS_0000000001165520_0_4 .concat8 [ 1 1 1 1], L_0000000001162390, L_000000000115ea30, L_000000000115e4f0, L_000000000107de20;
LS_0000000001165520_0_8 .concat8 [ 1 1 1 1], L_00000000010ce050, L_00000000010cd9c0, L_00000000010cdb10, L_00000000010cde20;
LS_0000000001165520_0_12 .concat8 [ 1 1 1 1], L_00000000010ce670, L_00000000010cdf70, L_000000000107dfe0, L_000000000107ec90;
LS_0000000001165520_0_16 .concat8 [ 1 0 0 0], L_000000000107ec20;
LS_0000000001165520_1_0 .concat8 [ 4 4 4 4], LS_0000000001165520_0_0, LS_0000000001165520_0_4, LS_0000000001165520_0_8, LS_0000000001165520_0_12;
LS_0000000001165520_1_4 .concat8 [ 1 0 0 0], LS_0000000001165520_0_16;
L_0000000001165520 .concat8 [ 16 1 0 0], LS_0000000001165520_1_0, LS_0000000001165520_1_4;
L_0000000001165ca0 .part v0000000001155ce0_0, 3, 1;
L_0000000001164d00 .part v0000000001155ce0_0, 2, 1;
L_00000000011673c0 .part v0000000001155ce0_0, 1, 1;
L_0000000001166a60 .part v0000000001155ce0_0, 0, 1;
L_0000000001166e20 .part v00000000011591b0_0, 5, 1;
L_00000000011652a0 .part v00000000011591b0_0, 4, 1;
L_0000000001166ec0 .part v00000000011591b0_0, 3, 1;
L_0000000001167000 .part v00000000011591b0_0, 2, 1;
L_0000000001167140 .part v00000000011591b0_0, 1, 1;
L_0000000001164ee0 .part v00000000011591b0_0, 0, 1;
L_0000000001165020 .part L_0000000001165520, 16, 1;
L_0000000001165980 .part L_0000000001165520, 7, 1;
L_0000000001165160 .part L_0000000001165520, 8, 1;
L_0000000001164da0 .part L_0000000001165520, 13, 1;
L_0000000001165a20 .part L_0000000001165520, 11, 1;
L_0000000001165200 .part L_0000000001165520, 16, 1;
L_00000000011657a0 .part L_0000000001165520, 13, 1;
L_0000000001164c60 .part L_0000000001165520, 11, 1;
L_0000000001165ac0 .part L_0000000001165520, 16, 1;
L_0000000001166880 .part L_0000000001165520, 12, 1;
L_0000000001165b60 .part L_0000000001165520, 7, 1;
L_00000000011650c0 .concat8 [ 1 1 0 0], L_0000000001165c00, L_0000000001165b60;
L_0000000001165c00 .part L_0000000001165520, 8, 1;
L_0000000001164e40 .part L_0000000001165520, 9, 1;
L_0000000001165d40 .concat8 [ 1 1 0 0], L_00000000011666a0, L_0000000001164e40;
L_00000000011666a0 .part L_0000000001165520, 8, 1;
L_00000000011671e0 .part L_0000000001165520, 15, 1;
L_0000000001165340 .part L_0000000001165520, 14, 1;
L_0000000001167280 .concat8 [ 1 1 0 0], L_0000000001171300, L_0000000001171450;
L_0000000001166c40 .part L_0000000001165520, 16, 1;
L_0000000001166b00 .part L_0000000001165520, 15, 1;
L_00000000011667e0 .part L_0000000001165520, 14, 1;
L_00000000011655c0 .part L_0000000001165520, 10, 1;
L_0000000001164f80 .part L_0000000001165520, 8, 1;
L_0000000001166100 .part L_0000000001165520, 12, 1;
L_00000000011661a0 .part L_0000000001165520, 9, 1;
L_0000000001166ce0 .part L_0000000001165520, 9, 1;
L_0000000001167320 .part L_0000000001165520, 6, 1;
L_00000000011653e0 .part L_0000000001165520, 5, 1;
L_0000000001165480 .part L_0000000001165520, 4, 1;
L_0000000001165e80 .part L_0000000001165520, 3, 1;
L_0000000001165f20 .part L_0000000001165520, 13, 1;
L_0000000001165fc0 .part L_0000000001165520, 10, 1;
L_0000000001166060 .part L_0000000001165520, 10, 1;
L_00000000011664c0 .part L_0000000001165520, 4, 1;
L_0000000001166240 .part L_0000000001165520, 2, 1;
L_0000000001166740 .part L_0000000001165520, 1, 1;
L_00000000011662e0 .part L_0000000001165520, 0, 1;
L_0000000001166380 .concat8 [ 1 1 1 1], L_0000000001171840, L_0000000001171610, L_0000000001171530, L_0000000001170c70;
L_0000000001166920 .part L_0000000001165520, 0, 1;
L_0000000001166600 .part L_0000000001165520, 3, 1;
L_00000000011669c0 .part L_0000000001165520, 6, 1;
L_0000000001166ba0 .part L_0000000001165520, 10, 1;
L_0000000001166d80 .part L_0000000001165520, 16, 1;
S_0000000000fe2510 .scope module, "stat" "state_register" 2 76, 2 1 0, S_0000000001032490;
 .timescale 0 0;
    .port_info 0 /OUTPUT 4 "S";
    .port_info 1 /INPUT 4 "NS";
    .port_info 2 /INPUT 1 "clk";
    .port_info 3 /INPUT 1 "reset";
v0000000001154a20_0 .net "NS", 3 0, L_0000000001166380;  alias, 1 drivers
v0000000001155ce0_0 .var "S", 3 0;
v0000000001155880_0 .net "clk", 0 0, v0000000001158850_0;  alias, 1 drivers
v0000000001155c40_0 .net "reset", 0 0, v0000000001158490_0;  alias, 1 drivers
E_000000000107ad70/0 .event negedge, v0000000001155c40_0;
E_000000000107ad70/1 .event posedge, v0000000001155c40_0;
E_000000000107ad70 .event/or E_000000000107ad70/0, E_000000000107ad70/1;
    .scope S_0000000000fe2510;
T_0 ;
    %wait E_000000000107ad70;
    %load/vec4 v0000000001155c40_0;
    %nor/r;
    %flag_set/vec4 8;
    %jmp/0xz  T_0.0, 8;
    %pushi/vec4 0, 0, 4;
    %assign/vec4 v0000000001155ce0_0, 0;
    %jmp T_0.1;
T_0.0 ;
    %load/vec4 v0000000001154a20_0;
    %assign/vec4 v0000000001155ce0_0, 0;
T_0.1 ;
    %jmp T_0;
    .thread T_0;
    .scope S_0000000001032300;
T_1 ;
    %delay 5, 0;
    %load/vec4 v0000000001158850_0;
    %inv;
    %store/vec4 v0000000001158850_0, 0, 1;
    %jmp T_1;
    .thread T_1;
    .scope S_0000000001032300;
T_2 ;
    %pushi/vec4 0, 0, 1;
    %store/vec4 v0000000001158850_0, 0, 1;
    %pushi/vec4 1, 0, 1;
    %store/vec4 v0000000001158490_0, 0, 1;
    %vpi_call 2 94 "$monitor", "State = %d\012", v0000000001154980_0 {0 0 0};
    %delay 1, 0;
    %pushi/vec4 0, 0, 1;
    %store/vec4 v0000000001158490_0, 0, 1;
    %delay 1, 0;
    %pushi/vec4 1, 0, 1;
    %store/vec4 v0000000001158490_0, 0, 1;
    %delay 3, 0;
    %pushi/vec4 0, 0, 6;
    %store/vec4 v00000000011591b0_0, 0, 6;
    %delay 10, 0;
    %delay 10, 0;
    %delay 10, 0;
    %delay 10, 0;
    %pushi/vec4 35, 0, 6;
    %store/vec4 v00000000011591b0_0, 0, 6;
    %delay 10, 0;
    %delay 10, 0;
    %delay 10, 0;
    %delay 10, 0;
    %delay 10, 0;
    %pushi/vec4 43, 0, 6;
    %store/vec4 v00000000011591b0_0, 0, 6;
    %delay 10, 0;
    %delay 10, 0;
    %delay 10, 0;
    %delay 10, 0;
    %pushi/vec4 4, 0, 6;
    %store/vec4 v00000000011591b0_0, 0, 6;
    %delay 10, 0;
    %delay 10, 0;
    %delay 10, 0;
    %pushi/vec4 2, 0, 6;
    %store/vec4 v00000000011591b0_0, 0, 6;
    %vpi_call 2 114 "$finish" {0 0 0};
    %end;
    .thread T_2;
# The file index is used to find the file name in the following table.
:file_names 3;
    "N/A";
    "<interactive>";
    "ex.v";
