#! /usr/local/iverilog/bin/vvp
:ivl_version "11.0 (devel)" "(s20150603-642-g3bdb50da)";
:ivl_delay_selection "TYPICAL";
:vpi_time_precision + 0;
:vpi_module "system";
:vpi_module "vhdl_sys";
:vpi_module "vhdl_textio";
:vpi_module "v2005_math";
:vpi_module "va_math";
S_0000000000842550 .scope module, "jk_async" "jk_async" 2 1;
 .timescale 0 0;
    .port_info 0 /INPUT 1 "j";
    .port_info 1 /INPUT 1 "k";
    .port_info 2 /INPUT 1 "clearb";
    .port_info 3 /INPUT 1 "clk";
    .port_info 4 /OUTPUT 1 "q";
o0000000000876f18 .functor BUFZ 1, C4<z>; HiZ drive
v0000000000876e70_0 .net "clearb", 0 0, o0000000000876f18;  0 drivers
o0000000000876f48 .functor BUFZ 1, C4<z>; HiZ drive
v00000000008426e0_0 .net "clk", 0 0, o0000000000876f48;  0 drivers
o0000000000876f78 .functor BUFZ 1, C4<z>; HiZ drive
v0000000000842780_0 .net "j", 0 0, o0000000000876f78;  0 drivers
o0000000000876fa8 .functor BUFZ 1, C4<z>; HiZ drive
v0000000000842820_0 .net "k", 0 0, o0000000000876fa8;  0 drivers
v00000000008428c0_0 .var "q", 0 0;
E_00000000009ae110/0 .event negedge, v0000000000876e70_0;
E_00000000009ae110/1 .event posedge, v00000000008426e0_0;
E_00000000009ae110 .event/or E_00000000009ae110/0, E_00000000009ae110/1;
    .scope S_0000000000842550;
T_0 ;
    %wait E_00000000009ae110;
    %load/vec4 v0000000000876e70_0;
    %nor/r;
    %flag_set/vec4 8;
    %jmp/0xz  T_0.0, 8;
    %pushi/vec4 0, 0, 1;
    %assign/vec4 v00000000008428c0_0, 0;
    %jmp T_0.1;
T_0.0 ;
    %load/vec4 v0000000000842780_0;
    %pushi/vec4 0, 0, 1;
    %cmp/e;
    %flag_get/vec4 4;
    %load/vec4 v0000000000842820_0;
    %pushi/vec4 0, 0, 1;
    %cmp/e;
    %flag_get/vec4 4;
    %and;
    %flag_set/vec4 8;
    %jmp/0xz  T_0.2, 8;
    %load/vec4 v00000000008428c0_0;
    %assign/vec4 v00000000008428c0_0, 0;
    %jmp T_0.3;
T_0.2 ;
    %load/vec4 v0000000000842780_0;
    %pushi/vec4 0, 0, 1;
    %cmp/e;
    %flag_get/vec4 4;
    %load/vec4 v0000000000842820_0;
    %pushi/vec4 1, 0, 1;
    %cmp/e;
    %flag_get/vec4 4;
    %and;
    %flag_set/vec4 8;
    %jmp/0xz  T_0.4, 8;
    %pushi/vec4 0, 0, 1;
    %assign/vec4 v00000000008428c0_0, 0;
    %jmp T_0.5;
T_0.4 ;
    %load/vec4 v0000000000842780_0;
    %pushi/vec4 1, 0, 1;
    %cmp/e;
    %flag_get/vec4 4;
    %load/vec4 v0000000000842820_0;
    %pushi/vec4 0, 0, 1;
    %cmp/e;
    %flag_get/vec4 4;
    %and;
    %flag_set/vec4 8;
    %jmp/0xz  T_0.6, 8;
    %pushi/vec4 1, 0, 1;
    %assign/vec4 v00000000008428c0_0, 0;
    %jmp T_0.7;
T_0.6 ;
    %load/vec4 v0000000000842780_0;
    %pushi/vec4 1, 0, 1;
    %cmp/e;
    %flag_get/vec4 4;
    %load/vec4 v0000000000842820_0;
    %pushi/vec4 1, 0, 1;
    %cmp/e;
    %flag_get/vec4 4;
    %and;
    %flag_set/vec4 8;
    %jmp/0xz  T_0.8, 8;
    %load/vec4 v00000000008428c0_0;
    %inv;
    %assign/vec4 v00000000008428c0_0, 0;
T_0.8 ;
T_0.7 ;
T_0.5 ;
T_0.3 ;
T_0.1 ;
    %jmp T_0;
    .thread T_0;
# The file index is used to find the file name in the following table.
:file_names 3;
    "N/A";
    "<interactive>";
    "./..\JK_ASYNC\jk_async.v";
