#! /usr/local/iverilog/bin/vvp
:ivl_version "11.0 (devel)" "(s20150603-642-g3bdb50da)";
:ivl_delay_selection "TYPICAL";
:vpi_time_precision + 0;
:vpi_module "system";
:vpi_module "vhdl_sys";
:vpi_module "vhdl_textio";
:vpi_module "v2005_math";
:vpi_module "va_math";
S_0000000000943210 .scope module, "bit32_regfile4_tb" "bit32_regfile4_tb" 2 5;
 .timescale 0 0;
v00000000009af890_0 .var "clk", 0 0;
v00000000009ae490_0 .net "read1", 31 0, v0000000000940ac0_0;  1 drivers
v00000000009aecb0_0 .net "read2", 31 0, v0000000000941420_0;  1 drivers
v00000000009ae7b0_0 .var "read_addr1", 1 0;
v00000000009add10_0 .var "read_addr2", 1 0;
v00000000009ae850_0 .var "regwrite", 0 0;
v00000000009addb0_0 .var/i "ri", 31 0;
v00000000009ade50_0 .var "rst", 0 0;
v00000000009adef0_0 .var/i "wi", 31 0;
v00000000009adf90_0 .var "write_addr", 1 0;
v00000000009ae030_0 .var "write_dat", 31 0;
S_00000000008fd170 .scope module, "RF4" "bit32_regfile4" 2 13, 3 9 0, S_0000000000943210;
 .timescale 0 0;
    .port_info 0 /OUTPUT 32 "read1";
    .port_info 1 /OUTPUT 32 "read2";
    .port_info 2 /INPUT 2 "read_addr1";
    .port_info 3 /INPUT 2 "read_addr2";
    .port_info 4 /INPUT 2 "write_addr";
    .port_info 5 /INPUT 32 "write_dat";
    .port_info 6 /INPUT 1 "regwrite";
    .port_info 7 /INPUT 1 "clk";
    .port_info 8 /INPUT 1 "rst";
L_00000000008fee90 .functor AND 1, v00000000009af890_0, v00000000009ae850_0, L_00000000009b0a40, C4<1>;
L_00000000009b2920 .functor AND 1, v00000000009af890_0, v00000000009ae850_0, L_00000000009b0400, C4<1>;
L_00000000009b24c0 .functor AND 1, v00000000009af890_0, v00000000009ae850_0, L_00000000009b0540, C4<1>;
L_00000000009b26f0 .functor AND 1, v00000000009af890_0, v00000000009ae850_0, L_00000000009b0360, C4<1>;
v00000000009aeb70_0 .net *"_s11", 0 0, L_00000000009b0360;  1 drivers
v00000000009af4d0_0 .net *"_s2", 0 0, L_00000000009b0a40;  1 drivers
v00000000009aef30_0 .net *"_s5", 0 0, L_00000000009b0400;  1 drivers
v00000000009af2f0_0 .net *"_s8", 0 0, L_00000000009b0540;  1 drivers
v00000000009af070_0 .net "cg0", 0 0, L_00000000008fee90;  1 drivers
v00000000009af390_0 .net "cg1", 0 0, L_00000000009b2920;  1 drivers
v00000000009af930_0 .net "cg2", 0 0, L_00000000009b24c0;  1 drivers
v00000000009ae5d0_0 .net "cg3", 0 0, L_00000000009b26f0;  1 drivers
v00000000009ae710_0 .net "clk", 0 0, v00000000009af890_0;  1 drivers
v00000000009afbb0_0 .net "dat0", 31 0, v00000000009af250_0;  1 drivers
v00000000009af610_0 .net "dat1", 31 0, v00000000009af1b0_0;  1 drivers
v00000000009af430_0 .net "dat2", 31 0, v00000000009ae530_0;  1 drivers
v00000000009aec10_0 .net "dat3", 31 0, v00000000009aead0_0;  1 drivers
v00000000009ae990_0 .net "dec_out", 3 0, v0000000000941240_0;  1 drivers
v00000000009af570_0 .net "read1", 31 0, v0000000000940ac0_0;  alias, 1 drivers
v00000000009af750_0 .net "read2", 31 0, v0000000000941420_0;  alias, 1 drivers
v00000000009aed50_0 .net "read_addr1", 1 0, v00000000009ae7b0_0;  1 drivers
v00000000009af7f0_0 .net "read_addr2", 1 0, v00000000009add10_0;  1 drivers
v00000000009ae670_0 .net "regwrite", 0 0, v00000000009ae850_0;  1 drivers
v00000000009ae2b0_0 .net "rst", 0 0, v00000000009ade50_0;  1 drivers
v00000000009ae350_0 .net "write_addr", 1 0, v00000000009adf90_0;  1 drivers
v00000000009ae3f0_0 .net "write_dat", 31 0, v00000000009ae030_0;  1 drivers
L_00000000009b0a40 .part v0000000000941240_0, 0, 1;
L_00000000009b0400 .part v0000000000941240_0, 1, 1;
L_00000000009b0540 .part v0000000000941240_0, 2, 1;
L_00000000009b0360 .part v0000000000941240_0, 3, 1;
S_00000000008fd300 .scope module, "dec" "dec2to4" 3 20, 4 1 0, S_00000000008fd170;
 .timescale 0 0;
    .port_info 0 /OUTPUT 4 "out";
    .port_info 1 /INPUT 2 "in";
v00000000009411a0_0 .net "in", 1 0, v00000000009adf90_0;  alias, 1 drivers
v0000000000941240_0 .var "out", 3 0;
E_000000000093d460 .event edge, v00000000009411a0_0;
S_00000000008feb70 .scope module, "mr1" "mux4to1" 3 31, 5 1 0, S_00000000008fd170;
 .timescale 0 0;
    .port_info 0 /OUTPUT 32 "out";
    .port_info 1 /INPUT 2 "sel";
    .port_info 2 /INPUT 32 "in0";
    .port_info 3 /INPUT 32 "in1";
    .port_info 4 /INPUT 32 "in2";
    .port_info 5 /INPUT 32 "in3";
v0000000000940fc0_0 .net "in0", 31 0, v00000000009af250_0;  alias, 1 drivers
v00000000009414c0_0 .net "in1", 31 0, v00000000009af1b0_0;  alias, 1 drivers
v0000000000941060_0 .net "in2", 31 0, v00000000009ae530_0;  alias, 1 drivers
v0000000000941600_0 .net "in3", 31 0, v00000000009aead0_0;  alias, 1 drivers
v0000000000940ac0_0 .var "out", 31 0;
v0000000000940b60_0 .net "sel", 1 0, v00000000009ae7b0_0;  alias, 1 drivers
E_000000000093d1e0/0 .event edge, v0000000000940b60_0, v0000000000941600_0, v0000000000941060_0, v00000000009414c0_0;
E_000000000093d1e0/1 .event edge, v0000000000940fc0_0;
E_000000000093d1e0 .event/or E_000000000093d1e0/0, E_000000000093d1e0/1;
S_00000000008fed00 .scope module, "mr2" "mux4to1" 3 32, 5 1 0, S_00000000008fd170;
 .timescale 0 0;
    .port_info 0 /OUTPUT 32 "out";
    .port_info 1 /INPUT 2 "sel";
    .port_info 2 /INPUT 32 "in0";
    .port_info 3 /INPUT 32 "in1";
    .port_info 4 /INPUT 32 "in2";
    .port_info 5 /INPUT 32 "in3";
v0000000000941100_0 .net "in0", 31 0, v00000000009af250_0;  alias, 1 drivers
v0000000000940ca0_0 .net "in1", 31 0, v00000000009af1b0_0;  alias, 1 drivers
v00000000009412e0_0 .net "in2", 31 0, v00000000009ae530_0;  alias, 1 drivers
v0000000000941380_0 .net "in3", 31 0, v00000000009aead0_0;  alias, 1 drivers
v0000000000941420_0 .var "out", 31 0;
v00000000009aea30_0 .net "sel", 1 0, v00000000009add10_0;  alias, 1 drivers
E_000000000093d820/0 .event edge, v00000000009aea30_0, v0000000000941600_0, v0000000000941060_0, v00000000009414c0_0;
E_000000000093d820/1 .event edge, v0000000000940fc0_0;
E_000000000093d820 .event/or E_000000000093d820/0, E_000000000093d820/1;
S_00000000009afcd0 .scope module, "r0" "bit32_reg" 3 26, 6 1 0, S_00000000008fd170;
 .timescale 0 0;
    .port_info 0 /OUTPUT 32 "dat";
    .port_info 1 /INPUT 1 "clk";
    .port_info 2 /INPUT 1 "rst";
    .port_info 3 /INPUT 32 "inp";
v00000000009ae170_0 .net "clk", 0 0, L_00000000008fee90;  alias, 1 drivers
v00000000009af250_0 .var "dat", 31 0;
v00000000009afa70_0 .net "inp", 31 0, v00000000009ae030_0;  alias, 1 drivers
v00000000009afb10_0 .net "rst", 0 0, v00000000009ade50_0;  alias, 1 drivers
E_000000000093d860/0 .event negedge, v00000000009afb10_0;
E_000000000093d860/1 .event posedge, v00000000009ae170_0;
E_000000000093d860 .event/or E_000000000093d860/0, E_000000000093d860/1;
S_0000000000947350 .scope module, "r1" "bit32_reg" 3 27, 6 1 0, S_00000000008fd170;
 .timescale 0 0;
    .port_info 0 /OUTPUT 32 "dat";
    .port_info 1 /INPUT 1 "clk";
    .port_info 2 /INPUT 1 "rst";
    .port_info 3 /INPUT 32 "inp";
v00000000009af110_0 .net "clk", 0 0, L_00000000009b2920;  alias, 1 drivers
v00000000009af1b0_0 .var "dat", 31 0;
v00000000009ae8f0_0 .net "inp", 31 0, v00000000009ae030_0;  alias, 1 drivers
v00000000009af6b0_0 .net "rst", 0 0, v00000000009ade50_0;  alias, 1 drivers
E_000000000093cfa0/0 .event negedge, v00000000009afb10_0;
E_000000000093cfa0/1 .event posedge, v00000000009af110_0;
E_000000000093cfa0 .event/or E_000000000093cfa0/0, E_000000000093cfa0/1;
S_00000000009474e0 .scope module, "r2" "bit32_reg" 3 28, 6 1 0, S_00000000008fd170;
 .timescale 0 0;
    .port_info 0 /OUTPUT 32 "dat";
    .port_info 1 /INPUT 1 "clk";
    .port_info 2 /INPUT 1 "rst";
    .port_info 3 /INPUT 32 "inp";
v00000000009ae0d0_0 .net "clk", 0 0, L_00000000009b24c0;  alias, 1 drivers
v00000000009ae530_0 .var "dat", 31 0;
v00000000009aedf0_0 .net "inp", 31 0, v00000000009ae030_0;  alias, 1 drivers
v00000000009ae210_0 .net "rst", 0 0, v00000000009ade50_0;  alias, 1 drivers
E_000000000093d0a0/0 .event negedge, v00000000009afb10_0;
E_000000000093d0a0/1 .event posedge, v00000000009ae0d0_0;
E_000000000093d0a0 .event/or E_000000000093d0a0/0, E_000000000093d0a0/1;
S_00000000009afe60 .scope module, "r3" "bit32_reg" 3 29, 6 1 0, S_00000000008fd170;
 .timescale 0 0;
    .port_info 0 /OUTPUT 32 "dat";
    .port_info 1 /INPUT 1 "clk";
    .port_info 2 /INPUT 1 "rst";
    .port_info 3 /INPUT 32 "inp";
v00000000009aefd0_0 .net "clk", 0 0, L_00000000009b26f0;  alias, 1 drivers
v00000000009aead0_0 .var "dat", 31 0;
v00000000009af9d0_0 .net "inp", 31 0, v00000000009ae030_0;  alias, 1 drivers
v00000000009aee90_0 .net "rst", 0 0, v00000000009ade50_0;  alias, 1 drivers
E_000000000093d220/0 .event negedge, v00000000009afb10_0;
E_000000000093d220/1 .event posedge, v00000000009aefd0_0;
E_000000000093d220 .event/or E_000000000093d220/0, E_000000000093d220/1;
    .scope S_00000000008fd300;
T_0 ;
    %wait E_000000000093d460;
    %pushi/vec4 2, 0, 32;
    %load/vec4 v00000000009411a0_0;
    %pow;
    %pad/s 4;
    %store/vec4 v0000000000941240_0, 0, 4;
    %jmp T_0;
    .thread T_0, $push;
    .scope S_00000000009afcd0;
T_1 ;
    %wait E_000000000093d860;
    %load/vec4 v00000000009afb10_0;
    %nor/r;
    %flag_set/vec4 8;
    %jmp/0xz  T_1.0, 8;
    %pushi/vec4 0, 0, 32;
    %assign/vec4 v00000000009af250_0, 0;
    %jmp T_1.1;
T_1.0 ;
    %load/vec4 v00000000009afa70_0;
    %assign/vec4 v00000000009af250_0, 0;
T_1.1 ;
    %jmp T_1;
    .thread T_1;
    .scope S_0000000000947350;
T_2 ;
    %wait E_000000000093cfa0;
    %load/vec4 v00000000009af6b0_0;
    %nor/r;
    %flag_set/vec4 8;
    %jmp/0xz  T_2.0, 8;
    %pushi/vec4 0, 0, 32;
    %assign/vec4 v00000000009af1b0_0, 0;
    %jmp T_2.1;
T_2.0 ;
    %load/vec4 v00000000009ae8f0_0;
    %assign/vec4 v00000000009af1b0_0, 0;
T_2.1 ;
    %jmp T_2;
    .thread T_2;
    .scope S_00000000009474e0;
T_3 ;
    %wait E_000000000093d0a0;
    %load/vec4 v00000000009ae210_0;
    %nor/r;
    %flag_set/vec4 8;
    %jmp/0xz  T_3.0, 8;
    %pushi/vec4 0, 0, 32;
    %assign/vec4 v00000000009ae530_0, 0;
    %jmp T_3.1;
T_3.0 ;
    %load/vec4 v00000000009aedf0_0;
    %assign/vec4 v00000000009ae530_0, 0;
T_3.1 ;
    %jmp T_3;
    .thread T_3;
    .scope S_00000000009afe60;
T_4 ;
    %wait E_000000000093d220;
    %load/vec4 v00000000009aee90_0;
    %nor/r;
    %flag_set/vec4 8;
    %jmp/0xz  T_4.0, 8;
    %pushi/vec4 0, 0, 32;
    %assign/vec4 v00000000009aead0_0, 0;
    %jmp T_4.1;
T_4.0 ;
    %load/vec4 v00000000009af9d0_0;
    %assign/vec4 v00000000009aead0_0, 0;
T_4.1 ;
    %jmp T_4;
    .thread T_4;
    .scope S_00000000008feb70;
T_5 ;
    %wait E_000000000093d1e0;
    %load/vec4 v0000000000940b60_0;
    %dup/vec4;
    %pushi/vec4 0, 0, 2;
    %cmp/u;
    %jmp/1 T_5.0, 6;
    %dup/vec4;
    %pushi/vec4 1, 0, 2;
    %cmp/u;
    %jmp/1 T_5.1, 6;
    %dup/vec4;
    %pushi/vec4 2, 0, 2;
    %cmp/u;
    %jmp/1 T_5.2, 6;
    %dup/vec4;
    %pushi/vec4 3, 0, 2;
    %cmp/u;
    %jmp/1 T_5.3, 6;
    %jmp T_5.4;
T_5.0 ;
    %load/vec4 v0000000000940fc0_0;
    %store/vec4 v0000000000940ac0_0, 0, 32;
    %jmp T_5.4;
T_5.1 ;
    %load/vec4 v00000000009414c0_0;
    %store/vec4 v0000000000940ac0_0, 0, 32;
    %jmp T_5.4;
T_5.2 ;
    %load/vec4 v0000000000941060_0;
    %store/vec4 v0000000000940ac0_0, 0, 32;
    %jmp T_5.4;
T_5.3 ;
    %load/vec4 v0000000000941600_0;
    %store/vec4 v0000000000940ac0_0, 0, 32;
    %jmp T_5.4;
T_5.4 ;
    %pop/vec4 1;
    %jmp T_5;
    .thread T_5, $push;
    .scope S_00000000008fed00;
T_6 ;
    %wait E_000000000093d820;
    %load/vec4 v00000000009aea30_0;
    %dup/vec4;
    %pushi/vec4 0, 0, 2;
    %cmp/u;
    %jmp/1 T_6.0, 6;
    %dup/vec4;
    %pushi/vec4 1, 0, 2;
    %cmp/u;
    %jmp/1 T_6.1, 6;
    %dup/vec4;
    %pushi/vec4 2, 0, 2;
    %cmp/u;
    %jmp/1 T_6.2, 6;
    %dup/vec4;
    %pushi/vec4 3, 0, 2;
    %cmp/u;
    %jmp/1 T_6.3, 6;
    %jmp T_6.4;
T_6.0 ;
    %load/vec4 v0000000000941100_0;
    %store/vec4 v0000000000941420_0, 0, 32;
    %jmp T_6.4;
T_6.1 ;
    %load/vec4 v0000000000940ca0_0;
    %store/vec4 v0000000000941420_0, 0, 32;
    %jmp T_6.4;
T_6.2 ;
    %load/vec4 v00000000009412e0_0;
    %store/vec4 v0000000000941420_0, 0, 32;
    %jmp T_6.4;
T_6.3 ;
    %load/vec4 v0000000000941380_0;
    %store/vec4 v0000000000941420_0, 0, 32;
    %jmp T_6.4;
T_6.4 ;
    %pop/vec4 1;
    %jmp T_6;
    .thread T_6, $push;
    .scope S_0000000000943210;
T_7 ;
    %delay 5, 0;
    %load/vec4 v00000000009af890_0;
    %inv;
    %store/vec4 v00000000009af890_0, 0, 1;
    %jmp T_7;
    .thread T_7;
    .scope S_0000000000943210;
T_8 ;
    %pushi/vec4 0, 0, 1;
    %store/vec4 v00000000009af890_0, 0, 1;
    %pushi/vec4 1, 0, 1;
    %store/vec4 v00000000009ade50_0, 0, 1;
    %vpi_call 2 22 "$dumpfile", "bit32_regfile4_tb.vcd" {0 0 0};
    %vpi_call 2 23 "$dumpvars", 32'sb00000000000000000000000000000000, S_0000000000943210 {0 0 0};
    %delay 1, 0;
    %pushi/vec4 0, 0, 1;
    %store/vec4 v00000000009ade50_0, 0, 1;
    %delay 1, 0;
    %pushi/vec4 1, 0, 1;
    %store/vec4 v00000000009ade50_0, 0, 1;
    %delay 3, 0;
    %pushi/vec4 1, 0, 1;
    %store/vec4 v00000000009ae850_0, 0, 1;
    %pushi/vec4 0, 0, 32;
    %store/vec4 v00000000009adef0_0, 0, 32;
T_8.0 ;
    %load/vec4 v00000000009adef0_0;
    %cmpi/s 32, 0, 32;
    %jmp/0xz T_8.1, 5;
    %load/vec4 v00000000009adef0_0;
    %pad/s 2;
    %store/vec4 v00000000009adf90_0, 0, 2;
    %load/vec4 v00000000009adef0_0;
    %pushi/vec4 3, 0, 32;
    %pow/s;
    %load/vec4 v00000000009adef0_0;
    %pushi/vec4 2, 0, 32;
    %pow/s;
    %add;
    %load/vec4 v00000000009adef0_0;
    %add;
    %addi 1, 0, 32;
    %store/vec4 v00000000009ae030_0, 0, 32;
    %vpi_call 2 32 "$display", "write_addr = %d, write_dat = %d\012", v00000000009adf90_0, v00000000009ae030_0 {0 0 0};
    %delay 10, 0;
    ; show_stmt_assign_vector: Get l-value for compressed += operand
    %load/vec4 v00000000009adef0_0;
    %pushi/vec4 1, 0, 32;
    %add;
    %store/vec4 v00000000009adef0_0, 0, 32;
    %jmp T_8.0;
T_8.1 ;
    %delay 0, 0;
    %pushi/vec4 0, 0, 1;
    %store/vec4 v00000000009ae850_0, 0, 1;
    %pushi/vec4 0, 0, 32;
    %store/vec4 v00000000009addb0_0, 0, 32;
T_8.2 ;
    %load/vec4 v00000000009addb0_0;
    %cmpi/s 31, 0, 32;
    %jmp/0xz T_8.3, 5;
    %load/vec4 v00000000009addb0_0;
    %pad/s 2;
    %store/vec4 v00000000009ae7b0_0, 0, 2;
    %load/vec4 v00000000009addb0_0;
    %addi 1, 0, 32;
    %pad/s 2;
    %store/vec4 v00000000009add10_0, 0, 2;
    %vpi_call 2 42 "$display", "read1 = %d, read2 = %d\012", v00000000009ae7b0_0, v00000000009add10_0 {0 0 0};
    %delay 10, 0;
    %load/vec4 v00000000009addb0_0;
    %addi 2, 0, 32;
    %store/vec4 v00000000009addb0_0, 0, 32;
    %jmp T_8.2;
T_8.3 ;
    %end;
    .thread T_8;
# The file index is used to find the file name in the following table.
:file_names 7;
    "N/A";
    "<interactive>";
    "bit32_regfile4_tb.v";
    "./bit32_regfile4.v";
    "./dec2to4.v";
    "./mux4to1.v";
    "./bit32_reg.v";
