#! /usr/local/iverilog/bin/vvp
:ivl_version "11.0 (devel)" "(s20150603-642-g3bdb50da)";
:ivl_delay_selection "TYPICAL";
:vpi_time_precision + 0;
:vpi_module "system";
:vpi_module "vhdl_sys";
:vpi_module "vhdl_textio";
:vpi_module "v2005_math";
:vpi_module "va_math";
S_00000000011fdb40 .scope module, "bit32_mux3to1" "bit32_mux3to1" 2 5;
 .timescale 0 0;
    .port_info 0 /OUTPUT 32 "out";
    .port_info 1 /INPUT 2 "sel";
    .port_info 2 /INPUT 32 "in1";
    .port_info 3 /INPUT 32 "in2";
    .port_info 4 /INPUT 32 "in3";
o00000000008d3fe8 .functor BUFZ 32, C4<zzzzzzzzzzzzzzzzzzzzzzzzzzzzzzzz>; HiZ drive
v000000000092b450_0 .net "in1", 31 0, o00000000008d3fe8;  0 drivers
o00000000008d4018 .functor BUFZ 32, C4<zzzzzzzzzzzzzzzzzzzzzzzzzzzzzzzz>; HiZ drive
v000000000092aeb0_0 .net "in2", 31 0, o00000000008d4018;  0 drivers
o00000000008d4048 .functor BUFZ 32, C4<zzzzzzzzzzzzzzzzzzzzzzzzzzzzzzzz>; HiZ drive
v000000000092c530_0 .net "in3", 31 0, o00000000008d4048;  0 drivers
v000000000092ac30_0 .net "out", 31 0, L_00000000012013a0;  1 drivers
o00000000008d03b8 .functor BUFZ 2, C4<zz>; HiZ drive
v000000000092cad0_0 .net "sel", 1 0, o00000000008d03b8;  0 drivers
L_00000000012034c0 .part o00000000008d3fe8, 0, 8;
L_0000000001203420 .part o00000000008d4018, 0, 8;
L_0000000001203560 .part o00000000008d4048, 0, 8;
L_0000000001203920 .part o00000000008d3fe8, 8, 8;
L_00000000012039c0 .part o00000000008d4018, 8, 8;
L_0000000001203a60 .part o00000000008d4048, 8, 8;
L_0000000001202700 .part o00000000008d3fe8, 16, 8;
L_00000000012007c0 .part o00000000008d4018, 16, 8;
L_0000000001202840 .part o00000000008d4048, 16, 8;
L_00000000012013a0 .concat8 [ 8 8 8 8], L_0000000001202fc0, L_0000000001202ac0, L_00000000012022a0, L_0000000001200ae0;
L_0000000001201b20 .part o00000000008d3fe8, 24, 8;
L_0000000001201440 .part o00000000008d4018, 24, 8;
L_00000000012014e0 .part o00000000008d4048, 24, 8;
S_00000000011fdcd0 .scope module, "m0" "bit8_mux3to1" 2 10, 3 3 0, S_00000000011fdb40;
 .timescale 0 0;
    .port_info 0 /OUTPUT 8 "out";
    .port_info 1 /INPUT 2 "sel";
    .port_info 2 /INPUT 8 "in1";
    .port_info 3 /INPUT 8 "in2";
    .port_info 4 /INPUT 8 "in3";
v000000000091f6b0_0 .net "in1", 7 0, L_00000000012034c0;  1 drivers
v000000000091edf0_0 .net "in2", 7 0, L_0000000001203420;  1 drivers
v000000000091dbd0_0 .net "in3", 7 0, L_0000000001203560;  1 drivers
v000000000091f250_0 .net "out", 7 0, L_0000000001202fc0;  1 drivers
v000000000091ddb0_0 .net "sel", 1 0, o00000000008d03b8;  alias, 0 drivers
L_000000000092ae10 .part L_00000000012034c0, 0, 1;
L_000000000092bb30 .part L_0000000001203420, 0, 1;
L_000000000092bbd0 .part L_0000000001203560, 0, 1;
L_000000000092bd10 .part L_00000000012034c0, 1, 1;
L_000000000092aff0 .part L_0000000001203420, 1, 1;
L_000000000092bdb0 .part L_0000000001203560, 1, 1;
L_000000000092c490 .part L_00000000012034c0, 2, 1;
L_000000000092b090 .part L_0000000001203420, 2, 1;
L_000000000092b310 .part L_0000000001203560, 2, 1;
L_000000000092b3b0 .part L_00000000012034c0, 3, 1;
L_000000000092be50 .part L_0000000001203420, 3, 1;
L_000000000092bef0 .part L_0000000001203560, 3, 1;
L_000000000092c0d0 .part L_00000000012034c0, 4, 1;
L_000000000092c210 .part L_0000000001203420, 4, 1;
L_000000000092c5d0 .part L_0000000001203560, 4, 1;
L_000000000092ca30 .part L_00000000012034c0, 5, 1;
L_000000000092c3f0 .part L_0000000001203420, 5, 1;
L_000000000092c670 .part L_0000000001203560, 5, 1;
L_000000000092c710 .part L_00000000012034c0, 6, 1;
L_0000000001203b00 .part L_0000000001203420, 6, 1;
L_0000000001202f20 .part L_0000000001203560, 6, 1;
LS_0000000001202fc0_0_0 .concat8 [ 1 1 1 1], v00000000008a77b0_0, v000000000091df90_0, v000000000091ead0_0, v000000000091ec10_0;
LS_0000000001202fc0_0_4 .concat8 [ 1 1 1 1], v000000000091ecb0_0, v000000000091e3f0_0, v000000000091f930_0, v000000000091ed50_0;
L_0000000001202fc0 .concat8 [ 4 4 0 0], LS_0000000001202fc0_0_0, LS_0000000001202fc0_0_4;
L_0000000001203100 .part L_00000000012034c0, 7, 1;
L_0000000001203d80 .part L_0000000001203420, 7, 1;
L_0000000001203c40 .part L_0000000001203560, 7, 1;
S_00000000008785d0 .scope module, "m0" "mux3to1" 3 8, 4 1 0, S_00000000011fdcd0;
 .timescale 0 0;
    .port_info 0 /OUTPUT 1 "out";
    .port_info 1 /INPUT 2 "sel";
    .port_info 2 /INPUT 1 "in1";
    .port_info 3 /INPUT 1 "in2";
    .port_info 4 /INPUT 1 "in3";
v00000000008b65f0_0 .net "in1", 0 0, L_000000000092ae10;  1 drivers
v00000000008b6730_0 .net "in2", 0 0, L_000000000092bb30;  1 drivers
v0000000000896da0_0 .net "in3", 0 0, L_000000000092bbd0;  1 drivers
v00000000008a77b0_0 .var "out", 0 0;
v000000000091e850_0 .net "sel", 1 0, o00000000008d03b8;  alias, 0 drivers
E_00000000008cc5e0 .event edge, v0000000000896da0_0, v00000000008b6730_0, v00000000008b65f0_0, v000000000091e850_0;
S_0000000000878760 .scope module, "m1" "mux3to1" 3 9, 4 1 0, S_00000000011fdcd0;
 .timescale 0 0;
    .port_info 0 /OUTPUT 1 "out";
    .port_info 1 /INPUT 2 "sel";
    .port_info 2 /INPUT 1 "in1";
    .port_info 3 /INPUT 1 "in2";
    .port_info 4 /INPUT 1 "in3";
v000000000091e670_0 .net "in1", 0 0, L_000000000092bd10;  1 drivers
v000000000091e210_0 .net "in2", 0 0, L_000000000092aff0;  1 drivers
v000000000091f570_0 .net "in3", 0 0, L_000000000092bdb0;  1 drivers
v000000000091df90_0 .var "out", 0 0;
v000000000091f610_0 .net "sel", 1 0, o00000000008d03b8;  alias, 0 drivers
E_00000000008cc5a0 .event edge, v000000000091f570_0, v000000000091e210_0, v000000000091e670_0, v000000000091e850_0;
S_00000000008ce800 .scope module, "m2" "mux3to1" 3 10, 4 1 0, S_00000000011fdcd0;
 .timescale 0 0;
    .port_info 0 /OUTPUT 1 "out";
    .port_info 1 /INPUT 2 "sel";
    .port_info 2 /INPUT 1 "in1";
    .port_info 3 /INPUT 1 "in2";
    .port_info 4 /INPUT 1 "in3";
v000000000091e490_0 .net "in1", 0 0, L_000000000092c490;  1 drivers
v000000000091f390_0 .net "in2", 0 0, L_000000000092b090;  1 drivers
v000000000091e2b0_0 .net "in3", 0 0, L_000000000092b310;  1 drivers
v000000000091ead0_0 .var "out", 0 0;
v000000000091e030_0 .net "sel", 1 0, o00000000008d03b8;  alias, 0 drivers
E_00000000008cc6e0 .event edge, v000000000091e2b0_0, v000000000091f390_0, v000000000091e490_0, v000000000091e850_0;
S_00000000008ce990 .scope module, "m3" "mux3to1" 3 11, 4 1 0, S_00000000011fdcd0;
 .timescale 0 0;
    .port_info 0 /OUTPUT 1 "out";
    .port_info 1 /INPUT 2 "sel";
    .port_info 2 /INPUT 1 "in1";
    .port_info 3 /INPUT 1 "in2";
    .port_info 4 /INPUT 1 "in3";
v000000000091eb70_0 .net "in1", 0 0, L_000000000092b3b0;  1 drivers
v000000000091e5d0_0 .net "in2", 0 0, L_000000000092be50;  1 drivers
v000000000091efd0_0 .net "in3", 0 0, L_000000000092bef0;  1 drivers
v000000000091ec10_0 .var "out", 0 0;
v000000000091f070_0 .net "sel", 1 0, o00000000008d03b8;  alias, 0 drivers
E_00000000008cc1e0 .event edge, v000000000091efd0_0, v000000000091e5d0_0, v000000000091eb70_0, v000000000091e850_0;
S_00000000008ceb20 .scope module, "m4" "mux3to1" 3 12, 4 1 0, S_00000000011fdcd0;
 .timescale 0 0;
    .port_info 0 /OUTPUT 1 "out";
    .port_info 1 /INPUT 2 "sel";
    .port_info 2 /INPUT 1 "in1";
    .port_info 3 /INPUT 1 "in2";
    .port_info 4 /INPUT 1 "in3";
v000000000091f890_0 .net "in1", 0 0, L_000000000092c0d0;  1 drivers
v000000000091f1b0_0 .net "in2", 0 0, L_000000000092c210;  1 drivers
v000000000091e8f0_0 .net "in3", 0 0, L_000000000092c5d0;  1 drivers
v000000000091ecb0_0 .var "out", 0 0;
v000000000091dc70_0 .net "sel", 1 0, o00000000008d03b8;  alias, 0 drivers
E_00000000008cbea0 .event edge, v000000000091e8f0_0, v000000000091f1b0_0, v000000000091f890_0, v000000000091e850_0;
S_00000000008cecb0 .scope module, "m5" "mux3to1" 3 13, 4 1 0, S_00000000011fdcd0;
 .timescale 0 0;
    .port_info 0 /OUTPUT 1 "out";
    .port_info 1 /INPUT 2 "sel";
    .port_info 2 /INPUT 1 "in1";
    .port_info 3 /INPUT 1 "in2";
    .port_info 4 /INPUT 1 "in3";
v000000000091e990_0 .net "in1", 0 0, L_000000000092ca30;  1 drivers
v000000000091f430_0 .net "in2", 0 0, L_000000000092c3f0;  1 drivers
v000000000091e350_0 .net "in3", 0 0, L_000000000092c670;  1 drivers
v000000000091e3f0_0 .var "out", 0 0;
v000000000091f110_0 .net "sel", 1 0, o00000000008d03b8;  alias, 0 drivers
E_00000000008cc620 .event edge, v000000000091e350_0, v000000000091f430_0, v000000000091e990_0, v000000000091e850_0;
S_00000000008cee40 .scope module, "m6" "mux3to1" 3 14, 4 1 0, S_00000000011fdcd0;
 .timescale 0 0;
    .port_info 0 /OUTPUT 1 "out";
    .port_info 1 /INPUT 2 "sel";
    .port_info 2 /INPUT 1 "in1";
    .port_info 3 /INPUT 1 "in2";
    .port_info 4 /INPUT 1 "in3";
v000000000091def0_0 .net "in1", 0 0, L_000000000092c710;  1 drivers
v000000000091dd10_0 .net "in2", 0 0, L_0000000001203b00;  1 drivers
v000000000091e710_0 .net "in3", 0 0, L_0000000001202f20;  1 drivers
v000000000091f930_0 .var "out", 0 0;
v000000000091e7b0_0 .net "sel", 1 0, o00000000008d03b8;  alias, 0 drivers
E_00000000008cbc20 .event edge, v000000000091e710_0, v000000000091dd10_0, v000000000091def0_0, v000000000091e850_0;
S_00000000008cefd0 .scope module, "m7" "mux3to1" 3 15, 4 1 0, S_00000000011fdcd0;
 .timescale 0 0;
    .port_info 0 /OUTPUT 1 "out";
    .port_info 1 /INPUT 2 "sel";
    .port_info 2 /INPUT 1 "in1";
    .port_info 3 /INPUT 1 "in2";
    .port_info 4 /INPUT 1 "in3";
v000000000091ea30_0 .net "in1", 0 0, L_0000000001203100;  1 drivers
v000000000091f750_0 .net "in2", 0 0, L_0000000001203d80;  1 drivers
v000000000091f9d0_0 .net "in3", 0 0, L_0000000001203c40;  1 drivers
v000000000091ed50_0 .var "out", 0 0;
v000000000091f7f0_0 .net "sel", 1 0, o00000000008d03b8;  alias, 0 drivers
E_00000000008cc060 .event edge, v000000000091f9d0_0, v000000000091f750_0, v000000000091ea30_0, v000000000091e850_0;
S_00000000008cf270 .scope module, "m1" "bit8_mux3to1" 2 11, 3 3 0, S_00000000011fdb40;
 .timescale 0 0;
    .port_info 0 /OUTPUT 8 "out";
    .port_info 1 /INPUT 2 "sel";
    .port_info 2 /INPUT 8 "in1";
    .port_info 3 /INPUT 8 "in2";
    .port_info 4 /INPUT 8 "in3";
v00000000009205e0_0 .net "in1", 7 0, L_0000000001203920;  1 drivers
v0000000000920e00_0 .net "in2", 7 0, L_00000000012039c0;  1 drivers
v0000000000921a80_0 .net "in3", 7 0, L_0000000001203a60;  1 drivers
v0000000000920720_0 .net "out", 7 0, L_0000000001202ac0;  1 drivers
v0000000000920b80_0 .net "sel", 1 0, o00000000008d03b8;  alias, 0 drivers
L_0000000001203e20 .part L_0000000001203920, 0, 1;
L_0000000001202de0 .part L_00000000012039c0, 0, 1;
L_0000000001203060 .part L_0000000001203a60, 0, 1;
L_00000000012028e0 .part L_0000000001203920, 1, 1;
L_00000000012031a0 .part L_00000000012039c0, 1, 1;
L_0000000001203600 .part L_0000000001203a60, 1, 1;
L_00000000012036a0 .part L_0000000001203920, 2, 1;
L_0000000001202b60 .part L_00000000012039c0, 2, 1;
L_00000000012032e0 .part L_0000000001203a60, 2, 1;
L_0000000001203ec0 .part L_0000000001203920, 3, 1;
L_0000000001202d40 .part L_00000000012039c0, 3, 1;
L_0000000001202c00 .part L_0000000001203a60, 3, 1;
L_0000000001202e80 .part L_0000000001203920, 4, 1;
L_0000000001203f60 .part L_00000000012039c0, 4, 1;
L_0000000001202980 .part L_0000000001203a60, 4, 1;
L_0000000001203240 .part L_0000000001203920, 5, 1;
L_0000000001203ba0 .part L_00000000012039c0, 5, 1;
L_0000000001203740 .part L_0000000001203a60, 5, 1;
L_0000000001203ce0 .part L_0000000001203920, 6, 1;
L_00000000012037e0 .part L_00000000012039c0, 6, 1;
L_0000000001202a20 .part L_0000000001203a60, 6, 1;
LS_0000000001202ac0_0_0 .concat8 [ 1 1 1 1], v000000000091f4d0_0, v000000000091ef30_0, v0000000000920680_0, v00000000009214e0_0;
LS_0000000001202ac0_0_4 .concat8 [ 1 1 1 1], v0000000000920360_0, v0000000000921580_0, v0000000000920900_0, v0000000000920d60_0;
L_0000000001202ac0 .concat8 [ 4 4 0 0], LS_0000000001202ac0_0_0, LS_0000000001202ac0_0_4;
L_0000000001202ca0 .part L_0000000001203920, 7, 1;
L_0000000001203380 .part L_00000000012039c0, 7, 1;
L_0000000001203880 .part L_0000000001203a60, 7, 1;
S_00000000008cf400 .scope module, "m0" "mux3to1" 3 8, 4 1 0, S_00000000008cf270;
 .timescale 0 0;
    .port_info 0 /OUTPUT 1 "out";
    .port_info 1 /INPUT 2 "sel";
    .port_info 2 /INPUT 1 "in1";
    .port_info 3 /INPUT 1 "in2";
    .port_info 4 /INPUT 1 "in3";
v000000000091f2f0_0 .net "in1", 0 0, L_0000000001203e20;  1 drivers
v000000000091e0d0_0 .net "in2", 0 0, L_0000000001202de0;  1 drivers
v000000000091de50_0 .net "in3", 0 0, L_0000000001203060;  1 drivers
v000000000091f4d0_0 .var "out", 0 0;
v000000000091e530_0 .net "sel", 1 0, o00000000008d03b8;  alias, 0 drivers
E_00000000008cbd60 .event edge, v000000000091de50_0, v000000000091e0d0_0, v000000000091f2f0_0, v000000000091e850_0;
S_00000000008cf590 .scope module, "m1" "mux3to1" 3 9, 4 1 0, S_00000000008cf270;
 .timescale 0 0;
    .port_info 0 /OUTPUT 1 "out";
    .port_info 1 /INPUT 2 "sel";
    .port_info 2 /INPUT 1 "in1";
    .port_info 3 /INPUT 1 "in2";
    .port_info 4 /INPUT 1 "in3";
v000000000091e170_0 .net "in1", 0 0, L_00000000012028e0;  1 drivers
v000000000091fa70_0 .net "in2", 0 0, L_00000000012031a0;  1 drivers
v000000000091ee90_0 .net "in3", 0 0, L_0000000001203600;  1 drivers
v000000000091ef30_0 .var "out", 0 0;
v0000000000920f40_0 .net "sel", 1 0, o00000000008d03b8;  alias, 0 drivers
E_00000000008cc120 .event edge, v000000000091ee90_0, v000000000091fa70_0, v000000000091e170_0, v000000000091e850_0;
S_00000000008b1df0 .scope module, "m2" "mux3to1" 3 10, 4 1 0, S_00000000008cf270;
 .timescale 0 0;
    .port_info 0 /OUTPUT 1 "out";
    .port_info 1 /INPUT 2 "sel";
    .port_info 2 /INPUT 1 "in1";
    .port_info 3 /INPUT 1 "in2";
    .port_info 4 /INPUT 1 "in3";
v0000000000920c20_0 .net "in1", 0 0, L_00000000012036a0;  1 drivers
v0000000000920220_0 .net "in2", 0 0, L_0000000001202b60;  1 drivers
v0000000000921760_0 .net "in3", 0 0, L_00000000012032e0;  1 drivers
v0000000000920680_0 .var "out", 0 0;
v0000000000920cc0_0 .net "sel", 1 0, o00000000008d03b8;  alias, 0 drivers
E_00000000008cbee0 .event edge, v0000000000921760_0, v0000000000920220_0, v0000000000920c20_0, v000000000091e850_0;
S_00000000008b1f80 .scope module, "m3" "mux3to1" 3 11, 4 1 0, S_00000000008cf270;
 .timescale 0 0;
    .port_info 0 /OUTPUT 1 "out";
    .port_info 1 /INPUT 2 "sel";
    .port_info 2 /INPUT 1 "in1";
    .port_info 3 /INPUT 1 "in2";
    .port_info 4 /INPUT 1 "in3";
v00000000009207c0_0 .net "in1", 0 0, L_0000000001203ec0;  1 drivers
v0000000000921080_0 .net "in2", 0 0, L_0000000001202d40;  1 drivers
v0000000000921440_0 .net "in3", 0 0, L_0000000001202c00;  1 drivers
v00000000009214e0_0 .var "out", 0 0;
v0000000000920a40_0 .net "sel", 1 0, o00000000008d03b8;  alias, 0 drivers
E_00000000008cbc60 .event edge, v0000000000921440_0, v0000000000921080_0, v00000000009207c0_0, v000000000091e850_0;
S_00000000008b2110 .scope module, "m4" "mux3to1" 3 12, 4 1 0, S_00000000008cf270;
 .timescale 0 0;
    .port_info 0 /OUTPUT 1 "out";
    .port_info 1 /INPUT 2 "sel";
    .port_info 2 /INPUT 1 "in1";
    .port_info 3 /INPUT 1 "in2";
    .port_info 4 /INPUT 1 "in3";
v00000000009218a0_0 .net "in1", 0 0, L_0000000001202e80;  1 drivers
v00000000009200e0_0 .net "in2", 0 0, L_0000000001203f60;  1 drivers
v0000000000921260_0 .net "in3", 0 0, L_0000000001202980;  1 drivers
v0000000000920360_0 .var "out", 0 0;
v0000000000920540_0 .net "sel", 1 0, o00000000008d03b8;  alias, 0 drivers
E_00000000008cbde0 .event edge, v0000000000921260_0, v00000000009200e0_0, v00000000009218a0_0, v000000000091e850_0;
S_00000000008b22a0 .scope module, "m5" "mux3to1" 3 13, 4 1 0, S_00000000008cf270;
 .timescale 0 0;
    .port_info 0 /OUTPUT 1 "out";
    .port_info 1 /INPUT 2 "sel";
    .port_info 2 /INPUT 1 "in1";
    .port_info 3 /INPUT 1 "in2";
    .port_info 4 /INPUT 1 "in3";
v0000000000921800_0 .net "in1", 0 0, L_0000000001203240;  1 drivers
v0000000000920180_0 .net "in2", 0 0, L_0000000001203ba0;  1 drivers
v0000000000921120_0 .net "in3", 0 0, L_0000000001203740;  1 drivers
v0000000000921580_0 .var "out", 0 0;
v000000000091fdc0_0 .net "sel", 1 0, o00000000008d03b8;  alias, 0 drivers
E_00000000008cc220 .event edge, v0000000000921120_0, v0000000000920180_0, v0000000000921800_0, v000000000091e850_0;
S_0000000000925f20 .scope module, "m6" "mux3to1" 3 14, 4 1 0, S_00000000008cf270;
 .timescale 0 0;
    .port_info 0 /OUTPUT 1 "out";
    .port_info 1 /INPUT 2 "sel";
    .port_info 2 /INPUT 1 "in1";
    .port_info 3 /INPUT 1 "in2";
    .port_info 4 /INPUT 1 "in3";
v0000000000921620_0 .net "in1", 0 0, L_0000000001203ce0;  1 drivers
v00000000009216c0_0 .net "in2", 0 0, L_00000000012037e0;  1 drivers
v000000000091fc80_0 .net "in3", 0 0, L_0000000001202a20;  1 drivers
v0000000000920900_0 .var "out", 0 0;
v0000000000920400_0 .net "sel", 1 0, o00000000008d03b8;  alias, 0 drivers
E_00000000008cc320 .event edge, v000000000091fc80_0, v00000000009216c0_0, v0000000000921620_0, v000000000091e850_0;
S_0000000000925c00 .scope module, "m7" "mux3to1" 3 15, 4 1 0, S_00000000008cf270;
 .timescale 0 0;
    .port_info 0 /OUTPUT 1 "out";
    .port_info 1 /INPUT 2 "sel";
    .port_info 2 /INPUT 1 "in1";
    .port_info 3 /INPUT 1 "in2";
    .port_info 4 /INPUT 1 "in3";
v00000000009202c0_0 .net "in1", 0 0, L_0000000001202ca0;  1 drivers
v0000000000921940_0 .net "in2", 0 0, L_0000000001203380;  1 drivers
v00000000009204a0_0 .net "in3", 0 0, L_0000000001203880;  1 drivers
v0000000000920d60_0 .var "out", 0 0;
v00000000009219e0_0 .net "sel", 1 0, o00000000008d03b8;  alias, 0 drivers
E_00000000008cc560 .event edge, v00000000009204a0_0, v0000000000921940_0, v00000000009202c0_0, v000000000091e850_0;
S_0000000000926a10 .scope module, "m2" "bit8_mux3to1" 2 12, 3 3 0, S_00000000011fdb40;
 .timescale 0 0;
    .port_info 0 /OUTPUT 8 "out";
    .port_info 1 /INPUT 2 "sel";
    .port_info 2 /INPUT 8 "in1";
    .port_info 3 /INPUT 8 "in2";
    .port_info 4 /INPUT 8 "in3";
v0000000000927570_0 .net "in1", 7 0, L_0000000001202700;  1 drivers
v0000000000927250_0 .net "in2", 7 0, L_00000000012007c0;  1 drivers
v0000000000927750_0 .net "in3", 7 0, L_0000000001202840;  1 drivers
v0000000000928970_0 .net "out", 7 0, L_00000000012022a0;  1 drivers
v0000000000927bb0_0 .net "sel", 1 0, o00000000008d03b8;  alias, 0 drivers
L_00000000012023e0 .part L_0000000001202700, 0, 1;
L_0000000001201080 .part L_00000000012007c0, 0, 1;
L_0000000001201da0 .part L_0000000001202840, 0, 1;
L_0000000001200ea0 .part L_0000000001202700, 1, 1;
L_00000000012016c0 .part L_00000000012007c0, 1, 1;
L_0000000001202660 .part L_0000000001202840, 1, 1;
L_0000000001201760 .part L_0000000001202700, 2, 1;
L_0000000001201940 .part L_00000000012007c0, 2, 1;
L_0000000001202520 .part L_0000000001202840, 2, 1;
L_0000000001200860 .part L_0000000001202700, 3, 1;
L_0000000001202340 .part L_00000000012007c0, 3, 1;
L_0000000001202480 .part L_0000000001202840, 3, 1;
L_00000000012027a0 .part L_0000000001202700, 4, 1;
L_0000000001200180 .part L_00000000012007c0, 4, 1;
L_0000000001202160 .part L_0000000001202840, 4, 1;
L_0000000001200cc0 .part L_0000000001202700, 5, 1;
L_00000000012000e0 .part L_00000000012007c0, 5, 1;
L_0000000001201e40 .part L_0000000001202840, 5, 1;
L_0000000001200d60 .part L_0000000001202700, 6, 1;
L_00000000012005e0 .part L_00000000012007c0, 6, 1;
L_0000000001202200 .part L_0000000001202840, 6, 1;
LS_00000000012022a0_0_0 .concat8 [ 1 1 1 1], v0000000000920ae0_0, v00000000009213a0_0, v0000000000920040_0, v0000000000926f30_0;
LS_00000000012022a0_0_4 .concat8 [ 1 1 1 1], v0000000000927430_0, v0000000000927390_0, v0000000000928830_0, v00000000009285b0_0;
L_00000000012022a0 .concat8 [ 4 4 0 0], LS_00000000012022a0_0_0, LS_00000000012022a0_0_4;
L_00000000012025c0 .part L_0000000001202700, 7, 1;
L_0000000001200f40 .part L_00000000012007c0, 7, 1;
L_0000000001200900 .part L_0000000001202840, 7, 1;
S_0000000000925d90 .scope module, "m0" "mux3to1" 3 8, 4 1 0, S_0000000000926a10;
 .timescale 0 0;
    .port_info 0 /OUTPUT 1 "out";
    .port_info 1 /INPUT 2 "sel";
    .port_info 2 /INPUT 1 "in1";
    .port_info 3 /INPUT 1 "in2";
    .port_info 4 /INPUT 1 "in3";
v0000000000920ea0_0 .net "in1", 0 0, L_00000000012023e0;  1 drivers
v0000000000920860_0 .net "in2", 0 0, L_0000000001201080;  1 drivers
v0000000000920fe0_0 .net "in3", 0 0, L_0000000001201da0;  1 drivers
v0000000000920ae0_0 .var "out", 0 0;
v00000000009211c0_0 .net "sel", 1 0, o00000000008d03b8;  alias, 0 drivers
E_00000000008cbf20 .event edge, v0000000000920fe0_0, v0000000000920860_0, v0000000000920ea0_0, v000000000091e850_0;
S_00000000009260b0 .scope module, "m1" "mux3to1" 3 9, 4 1 0, S_0000000000926a10;
 .timescale 0 0;
    .port_info 0 /OUTPUT 1 "out";
    .port_info 1 /INPUT 2 "sel";
    .port_info 2 /INPUT 1 "in1";
    .port_info 3 /INPUT 1 "in2";
    .port_info 4 /INPUT 1 "in3";
v00000000009209a0_0 .net "in1", 0 0, L_0000000001200ea0;  1 drivers
v000000000091ff00_0 .net "in2", 0 0, L_00000000012016c0;  1 drivers
v0000000000921300_0 .net "in3", 0 0, L_0000000001202660;  1 drivers
v00000000009213a0_0 .var "out", 0 0;
v000000000091fbe0_0 .net "sel", 1 0, o00000000008d03b8;  alias, 0 drivers
E_00000000008cc420 .event edge, v0000000000921300_0, v000000000091ff00_0, v00000000009209a0_0, v000000000091e850_0;
S_0000000000926240 .scope module, "m2" "mux3to1" 3 10, 4 1 0, S_0000000000926a10;
 .timescale 0 0;
    .port_info 0 /OUTPUT 1 "out";
    .port_info 1 /INPUT 2 "sel";
    .port_info 2 /INPUT 1 "in1";
    .port_info 3 /INPUT 1 "in2";
    .port_info 4 /INPUT 1 "in3";
v000000000091fd20_0 .net "in1", 0 0, L_0000000001201760;  1 drivers
v000000000091fe60_0 .net "in2", 0 0, L_0000000001201940;  1 drivers
v000000000091ffa0_0 .net "in3", 0 0, L_0000000001202520;  1 drivers
v0000000000920040_0 .var "out", 0 0;
v00000000009274d0_0 .net "sel", 1 0, o00000000008d03b8;  alias, 0 drivers
E_00000000008cc660 .event edge, v000000000091ffa0_0, v000000000091fe60_0, v000000000091fd20_0, v000000000091e850_0;
S_00000000009263d0 .scope module, "m3" "mux3to1" 3 11, 4 1 0, S_0000000000926a10;
 .timescale 0 0;
    .port_info 0 /OUTPUT 1 "out";
    .port_info 1 /INPUT 2 "sel";
    .port_info 2 /INPUT 1 "in1";
    .port_info 3 /INPUT 1 "in2";
    .port_info 4 /INPUT 1 "in3";
v0000000000928330_0 .net "in1", 0 0, L_0000000001200860;  1 drivers
v00000000009288d0_0 .net "in2", 0 0, L_0000000001202340;  1 drivers
v0000000000928a10_0 .net "in3", 0 0, L_0000000001202480;  1 drivers
v0000000000926f30_0 .var "out", 0 0;
v0000000000927110_0 .net "sel", 1 0, o00000000008d03b8;  alias, 0 drivers
E_00000000008cc520 .event edge, v0000000000928a10_0, v00000000009288d0_0, v0000000000928330_0, v000000000091e850_0;
S_0000000000926880 .scope module, "m4" "mux3to1" 3 12, 4 1 0, S_0000000000926a10;
 .timescale 0 0;
    .port_info 0 /OUTPUT 1 "out";
    .port_info 1 /INPUT 2 "sel";
    .port_info 2 /INPUT 1 "in1";
    .port_info 3 /INPUT 1 "in2";
    .port_info 4 /INPUT 1 "in3";
v00000000009279d0_0 .net "in1", 0 0, L_00000000012027a0;  1 drivers
v0000000000928470_0 .net "in2", 0 0, L_0000000001200180;  1 drivers
v00000000009272f0_0 .net "in3", 0 0, L_0000000001202160;  1 drivers
v0000000000927430_0 .var "out", 0 0;
v00000000009280b0_0 .net "sel", 1 0, o00000000008d03b8;  alias, 0 drivers
E_00000000008cc6a0 .event edge, v00000000009272f0_0, v0000000000928470_0, v00000000009279d0_0, v000000000091e850_0;
S_0000000000926560 .scope module, "m5" "mux3to1" 3 13, 4 1 0, S_0000000000926a10;
 .timescale 0 0;
    .port_info 0 /OUTPUT 1 "out";
    .port_info 1 /INPUT 2 "sel";
    .port_info 2 /INPUT 1 "in1";
    .port_info 3 /INPUT 1 "in2";
    .port_info 4 /INPUT 1 "in3";
v00000000009286f0_0 .net "in1", 0 0, L_0000000001200cc0;  1 drivers
v0000000000928010_0 .net "in2", 0 0, L_00000000012000e0;  1 drivers
v0000000000928790_0 .net "in3", 0 0, L_0000000001201e40;  1 drivers
v0000000000927390_0 .var "out", 0 0;
v00000000009271b0_0 .net "sel", 1 0, o00000000008d03b8;  alias, 0 drivers
E_00000000008cbfe0 .event edge, v0000000000928790_0, v0000000000928010_0, v00000000009286f0_0, v000000000091e850_0;
S_00000000009266f0 .scope module, "m6" "mux3to1" 3 14, 4 1 0, S_0000000000926a10;
 .timescale 0 0;
    .port_info 0 /OUTPUT 1 "out";
    .port_info 1 /INPUT 2 "sel";
    .port_info 2 /INPUT 1 "in1";
    .port_info 3 /INPUT 1 "in2";
    .port_info 4 /INPUT 1 "in3";
v00000000009276b0_0 .net "in1", 0 0, L_0000000001200d60;  1 drivers
v0000000000927cf0_0 .net "in2", 0 0, L_00000000012005e0;  1 drivers
v0000000000927ed0_0 .net "in3", 0 0, L_0000000001202200;  1 drivers
v0000000000928830_0 .var "out", 0 0;
v0000000000928ab0_0 .net "sel", 1 0, o00000000008d03b8;  alias, 0 drivers
E_00000000008cc0e0 .event edge, v0000000000927ed0_0, v0000000000927cf0_0, v00000000009276b0_0, v000000000091e850_0;
S_0000000000929260 .scope module, "m7" "mux3to1" 3 15, 4 1 0, S_0000000000926a10;
 .timescale 0 0;
    .port_info 0 /OUTPUT 1 "out";
    .port_info 1 /INPUT 2 "sel";
    .port_info 2 /INPUT 1 "in1";
    .port_info 3 /INPUT 1 "in2";
    .port_info 4 /INPUT 1 "in3";
v0000000000928510_0 .net "in1", 0 0, L_00000000012025c0;  1 drivers
v0000000000927c50_0 .net "in2", 0 0, L_0000000001200f40;  1 drivers
v00000000009281f0_0 .net "in3", 0 0, L_0000000001200900;  1 drivers
v00000000009285b0_0 .var "out", 0 0;
v0000000000927890_0 .net "sel", 1 0, o00000000008d03b8;  alias, 0 drivers
E_00000000008cc260 .event edge, v00000000009281f0_0, v0000000000927c50_0, v0000000000928510_0, v000000000091e850_0;
S_000000000092a390 .scope module, "m3" "bit8_mux3to1" 2 13, 3 3 0, S_00000000011fdb40;
 .timescale 0 0;
    .port_info 0 /OUTPUT 8 "out";
    .port_info 1 /INPUT 2 "sel";
    .port_info 2 /INPUT 8 "in1";
    .port_info 3 /INPUT 8 "in2";
    .port_info 4 /INPUT 8 "in3";
v000000000092bc70_0 .net "in1", 7 0, L_0000000001201b20;  1 drivers
v000000000092ba90_0 .net "in2", 7 0, L_0000000001201440;  1 drivers
v000000000092af50_0 .net "in3", 7 0, L_00000000012014e0;  1 drivers
v000000000092c8f0_0 .net "out", 7 0, L_0000000001200ae0;  1 drivers
v000000000092b270_0 .net "sel", 1 0, o00000000008d03b8;  alias, 0 drivers
L_0000000001201a80 .part L_0000000001201b20, 0, 1;
L_0000000001202020 .part L_0000000001201440, 0, 1;
L_00000000012020c0 .part L_00000000012014e0, 0, 1;
L_0000000001200220 .part L_0000000001201b20, 1, 1;
L_0000000001200e00 .part L_0000000001201440, 1, 1;
L_0000000001201800 .part L_00000000012014e0, 1, 1;
L_0000000001201120 .part L_0000000001201b20, 2, 1;
L_00000000012002c0 .part L_0000000001201440, 2, 1;
L_00000000012018a0 .part L_00000000012014e0, 2, 1;
L_00000000012011c0 .part L_0000000001201b20, 3, 1;
L_0000000001200680 .part L_0000000001201440, 3, 1;
L_0000000001200360 .part L_00000000012014e0, 3, 1;
L_0000000001200400 .part L_0000000001201b20, 4, 1;
L_00000000012004a0 .part L_0000000001201440, 4, 1;
L_0000000001201260 .part L_00000000012014e0, 4, 1;
L_0000000001200a40 .part L_0000000001201b20, 5, 1;
L_0000000001200540 .part L_0000000001201440, 5, 1;
L_0000000001200720 .part L_00000000012014e0, 5, 1;
L_00000000012019e0 .part L_0000000001201b20, 6, 1;
L_0000000001200fe0 .part L_0000000001201440, 6, 1;
L_00000000012009a0 .part L_00000000012014e0, 6, 1;
LS_0000000001200ae0_0_0 .concat8 [ 1 1 1 1], v0000000000928650_0, v0000000000927070_0, v0000000000926d50_0, v0000000000926fd0_0;
LS_0000000001200ae0_0_4 .concat8 [ 1 1 1 1], v000000000092c850_0, v000000000092b630_0, v000000000092b6d0_0, v000000000092b950_0;
L_0000000001200ae0 .concat8 [ 4 4 0 0], LS_0000000001200ae0_0_0, LS_0000000001200ae0_0_4;
L_0000000001200b80 .part L_0000000001201b20, 7, 1;
L_0000000001200c20 .part L_0000000001201440, 7, 1;
L_0000000001201300 .part L_00000000012014e0, 7, 1;
S_000000000092a520 .scope module, "m0" "mux3to1" 3 8, 4 1 0, S_000000000092a390;
 .timescale 0 0;
    .port_info 0 /OUTPUT 1 "out";
    .port_info 1 /INPUT 2 "sel";
    .port_info 2 /INPUT 1 "in1";
    .port_info 3 /INPUT 1 "in2";
    .port_info 4 /INPUT 1 "in3";
v0000000000927610_0 .net "in1", 0 0, L_0000000001201a80;  1 drivers
v00000000009283d0_0 .net "in2", 0 0, L_0000000001202020;  1 drivers
v00000000009277f0_0 .net "in3", 0 0, L_00000000012020c0;  1 drivers
v0000000000928650_0 .var "out", 0 0;
v0000000000927930_0 .net "sel", 1 0, o00000000008d03b8;  alias, 0 drivers
E_00000000008cc720 .event edge, v00000000009277f0_0, v00000000009283d0_0, v0000000000927610_0, v000000000091e850_0;
S_0000000000929710 .scope module, "m1" "mux3to1" 3 9, 4 1 0, S_000000000092a390;
 .timescale 0 0;
    .port_info 0 /OUTPUT 1 "out";
    .port_info 1 /INPUT 2 "sel";
    .port_info 2 /INPUT 1 "in1";
    .port_info 3 /INPUT 1 "in2";
    .port_info 4 /INPUT 1 "in3";
v0000000000926e90_0 .net "in1", 0 0, L_0000000001200220;  1 drivers
v0000000000927d90_0 .net "in2", 0 0, L_0000000001200e00;  1 drivers
v0000000000927a70_0 .net "in3", 0 0, L_0000000001201800;  1 drivers
v0000000000927070_0 .var "out", 0 0;
v0000000000926c10_0 .net "sel", 1 0, o00000000008d03b8;  alias, 0 drivers
E_00000000008cbba0 .event edge, v0000000000927a70_0, v0000000000927d90_0, v0000000000926e90_0, v000000000091e850_0;
S_000000000092a840 .scope module, "m2" "mux3to1" 3 10, 4 1 0, S_000000000092a390;
 .timescale 0 0;
    .port_info 0 /OUTPUT 1 "out";
    .port_info 1 /INPUT 2 "sel";
    .port_info 2 /INPUT 1 "in1";
    .port_info 3 /INPUT 1 "in2";
    .port_info 4 /INPUT 1 "in3";
v0000000000927b10_0 .net "in1", 0 0, L_0000000001201120;  1 drivers
v0000000000927e30_0 .net "in2", 0 0, L_00000000012002c0;  1 drivers
v0000000000926cb0_0 .net "in3", 0 0, L_00000000012018a0;  1 drivers
v0000000000926d50_0 .var "out", 0 0;
v0000000000927f70_0 .net "sel", 1 0, o00000000008d03b8;  alias, 0 drivers
E_00000000008cb9a0 .event edge, v0000000000926cb0_0, v0000000000927e30_0, v0000000000927b10_0, v000000000091e850_0;
S_000000000092a6b0 .scope module, "m3" "mux3to1" 3 11, 4 1 0, S_000000000092a390;
 .timescale 0 0;
    .port_info 0 /OUTPUT 1 "out";
    .port_info 1 /INPUT 2 "sel";
    .port_info 2 /INPUT 1 "in1";
    .port_info 3 /INPUT 1 "in2";
    .port_info 4 /INPUT 1 "in3";
v0000000000928150_0 .net "in1", 0 0, L_00000000012011c0;  1 drivers
v0000000000926df0_0 .net "in2", 0 0, L_0000000001200680;  1 drivers
v0000000000928290_0 .net "in3", 0 0, L_0000000001200360;  1 drivers
v0000000000926fd0_0 .var "out", 0 0;
v000000000092b8b0_0 .net "sel", 1 0, o00000000008d03b8;  alias, 0 drivers
E_00000000008cc460 .event edge, v0000000000928290_0, v0000000000926df0_0, v0000000000928150_0, v000000000091e850_0;
S_00000000009298a0 .scope module, "m4" "mux3to1" 3 12, 4 1 0, S_000000000092a390;
 .timescale 0 0;
    .port_info 0 /OUTPUT 1 "out";
    .port_info 1 /INPUT 2 "sel";
    .port_info 2 /INPUT 1 "in1";
    .port_info 3 /INPUT 1 "in2";
    .port_info 4 /INPUT 1 "in3";
v000000000092c990_0 .net "in1", 0 0, L_0000000001200400;  1 drivers
v000000000092bf90_0 .net "in2", 0 0, L_00000000012004a0;  1 drivers
v000000000092b4f0_0 .net "in3", 0 0, L_0000000001201260;  1 drivers
v000000000092c850_0 .var "out", 0 0;
v000000000092ad70_0 .net "sel", 1 0, o00000000008d03b8;  alias, 0 drivers
E_00000000008cc160 .event edge, v000000000092b4f0_0, v000000000092bf90_0, v000000000092c990_0, v000000000091e850_0;
S_0000000000929a30 .scope module, "m5" "mux3to1" 3 13, 4 1 0, S_000000000092a390;
 .timescale 0 0;
    .port_info 0 /OUTPUT 1 "out";
    .port_info 1 /INPUT 2 "sel";
    .port_info 2 /INPUT 1 "in1";
    .port_info 3 /INPUT 1 "in2";
    .port_info 4 /INPUT 1 "in3";
v000000000092b1d0_0 .net "in1", 0 0, L_0000000001200a40;  1 drivers
v000000000092b590_0 .net "in2", 0 0, L_0000000001200540;  1 drivers
v000000000092b130_0 .net "in3", 0 0, L_0000000001200720;  1 drivers
v000000000092b630_0 .var "out", 0 0;
v000000000092c7b0_0 .net "sel", 1 0, o00000000008d03b8;  alias, 0 drivers
E_00000000008cbda0 .event edge, v000000000092b130_0, v000000000092b590_0, v000000000092b1d0_0, v000000000091e850_0;
S_000000000092a9d0 .scope module, "m6" "mux3to1" 3 14, 4 1 0, S_000000000092a390;
 .timescale 0 0;
    .port_info 0 /OUTPUT 1 "out";
    .port_info 1 /INPUT 2 "sel";
    .port_info 2 /INPUT 1 "in1";
    .port_info 3 /INPUT 1 "in2";
    .port_info 4 /INPUT 1 "in3";
v000000000092c2b0_0 .net "in1", 0 0, L_00000000012019e0;  1 drivers
v000000000092c350_0 .net "in2", 0 0, L_0000000001200fe0;  1 drivers
v000000000092acd0_0 .net "in3", 0 0, L_00000000012009a0;  1 drivers
v000000000092b6d0_0 .var "out", 0 0;
v000000000092c170_0 .net "sel", 1 0, o00000000008d03b8;  alias, 0 drivers
E_00000000008cb820 .event edge, v000000000092acd0_0, v000000000092c350_0, v000000000092c2b0_0, v000000000091e850_0;
S_0000000000929bc0 .scope module, "m7" "mux3to1" 3 15, 4 1 0, S_000000000092a390;
 .timescale 0 0;
    .port_info 0 /OUTPUT 1 "out";
    .port_info 1 /INPUT 2 "sel";
    .port_info 2 /INPUT 1 "in1";
    .port_info 3 /INPUT 1 "in2";
    .port_info 4 /INPUT 1 "in3";
v000000000092b770_0 .net "in1", 0 0, L_0000000001200b80;  1 drivers
v000000000092c030_0 .net "in2", 0 0, L_0000000001200c20;  1 drivers
v000000000092b810_0 .net "in3", 0 0, L_0000000001201300;  1 drivers
v000000000092b950_0 .var "out", 0 0;
v000000000092b9f0_0 .net "sel", 1 0, o00000000008d03b8;  alias, 0 drivers
E_00000000008cb920 .event edge, v000000000092b810_0, v000000000092c030_0, v000000000092b770_0, v000000000091e850_0;
    .scope S_00000000008785d0;
T_0 ;
    %wait E_00000000008cc5e0;
    %load/vec4 v000000000091e850_0;
    %pad/u 32;
    %cmpi/e 0, 0, 32;
    %jmp/0xz  T_0.0, 4;
    %load/vec4 v00000000008b65f0_0;
    %store/vec4 v00000000008a77b0_0, 0, 1;
    %jmp T_0.1;
T_0.0 ;
    %load/vec4 v000000000091e850_0;
    %pad/u 32;
    %cmpi/e 1, 0, 32;
    %jmp/0xz  T_0.2, 4;
    %load/vec4 v00000000008b6730_0;
    %store/vec4 v00000000008a77b0_0, 0, 1;
    %jmp T_0.3;
T_0.2 ;
    %load/vec4 v000000000091e850_0;
    %pad/u 32;
    %cmpi/e 2, 0, 32;
    %jmp/0xz  T_0.4, 4;
    %load/vec4 v0000000000896da0_0;
    %store/vec4 v00000000008a77b0_0, 0, 1;
T_0.4 ;
T_0.3 ;
T_0.1 ;
    %jmp T_0;
    .thread T_0, $push;
    .scope S_0000000000878760;
T_1 ;
    %wait E_00000000008cc5a0;
    %load/vec4 v000000000091f610_0;
    %pad/u 32;
    %cmpi/e 0, 0, 32;
    %jmp/0xz  T_1.0, 4;
    %load/vec4 v000000000091e670_0;
    %store/vec4 v000000000091df90_0, 0, 1;
    %jmp T_1.1;
T_1.0 ;
    %load/vec4 v000000000091f610_0;
    %pad/u 32;
    %cmpi/e 1, 0, 32;
    %jmp/0xz  T_1.2, 4;
    %load/vec4 v000000000091e210_0;
    %store/vec4 v000000000091df90_0, 0, 1;
    %jmp T_1.3;
T_1.2 ;
    %load/vec4 v000000000091f610_0;
    %pad/u 32;
    %cmpi/e 2, 0, 32;
    %jmp/0xz  T_1.4, 4;
    %load/vec4 v000000000091f570_0;
    %store/vec4 v000000000091df90_0, 0, 1;
T_1.4 ;
T_1.3 ;
T_1.1 ;
    %jmp T_1;
    .thread T_1, $push;
    .scope S_00000000008ce800;
T_2 ;
    %wait E_00000000008cc6e0;
    %load/vec4 v000000000091e030_0;
    %pad/u 32;
    %cmpi/e 0, 0, 32;
    %jmp/0xz  T_2.0, 4;
    %load/vec4 v000000000091e490_0;
    %store/vec4 v000000000091ead0_0, 0, 1;
    %jmp T_2.1;
T_2.0 ;
    %load/vec4 v000000000091e030_0;
    %pad/u 32;
    %cmpi/e 1, 0, 32;
    %jmp/0xz  T_2.2, 4;
    %load/vec4 v000000000091f390_0;
    %store/vec4 v000000000091ead0_0, 0, 1;
    %jmp T_2.3;
T_2.2 ;
    %load/vec4 v000000000091e030_0;
    %pad/u 32;
    %cmpi/e 2, 0, 32;
    %jmp/0xz  T_2.4, 4;
    %load/vec4 v000000000091e2b0_0;
    %store/vec4 v000000000091ead0_0, 0, 1;
T_2.4 ;
T_2.3 ;
T_2.1 ;
    %jmp T_2;
    .thread T_2, $push;
    .scope S_00000000008ce990;
T_3 ;
    %wait E_00000000008cc1e0;
    %load/vec4 v000000000091f070_0;
    %pad/u 32;
    %cmpi/e 0, 0, 32;
    %jmp/0xz  T_3.0, 4;
    %load/vec4 v000000000091eb70_0;
    %store/vec4 v000000000091ec10_0, 0, 1;
    %jmp T_3.1;
T_3.0 ;
    %load/vec4 v000000000091f070_0;
    %pad/u 32;
    %cmpi/e 1, 0, 32;
    %jmp/0xz  T_3.2, 4;
    %load/vec4 v000000000091e5d0_0;
    %store/vec4 v000000000091ec10_0, 0, 1;
    %jmp T_3.3;
T_3.2 ;
    %load/vec4 v000000000091f070_0;
    %pad/u 32;
    %cmpi/e 2, 0, 32;
    %jmp/0xz  T_3.4, 4;
    %load/vec4 v000000000091efd0_0;
    %store/vec4 v000000000091ec10_0, 0, 1;
T_3.4 ;
T_3.3 ;
T_3.1 ;
    %jmp T_3;
    .thread T_3, $push;
    .scope S_00000000008ceb20;
T_4 ;
    %wait E_00000000008cbea0;
    %load/vec4 v000000000091dc70_0;
    %pad/u 32;
    %cmpi/e 0, 0, 32;
    %jmp/0xz  T_4.0, 4;
    %load/vec4 v000000000091f890_0;
    %store/vec4 v000000000091ecb0_0, 0, 1;
    %jmp T_4.1;
T_4.0 ;
    %load/vec4 v000000000091dc70_0;
    %pad/u 32;
    %cmpi/e 1, 0, 32;
    %jmp/0xz  T_4.2, 4;
    %load/vec4 v000000000091f1b0_0;
    %store/vec4 v000000000091ecb0_0, 0, 1;
    %jmp T_4.3;
T_4.2 ;
    %load/vec4 v000000000091dc70_0;
    %pad/u 32;
    %cmpi/e 2, 0, 32;
    %jmp/0xz  T_4.4, 4;
    %load/vec4 v000000000091e8f0_0;
    %store/vec4 v000000000091ecb0_0, 0, 1;
T_4.4 ;
T_4.3 ;
T_4.1 ;
    %jmp T_4;
    .thread T_4, $push;
    .scope S_00000000008cecb0;
T_5 ;
    %wait E_00000000008cc620;
    %load/vec4 v000000000091f110_0;
    %pad/u 32;
    %cmpi/e 0, 0, 32;
    %jmp/0xz  T_5.0, 4;
    %load/vec4 v000000000091e990_0;
    %store/vec4 v000000000091e3f0_0, 0, 1;
    %jmp T_5.1;
T_5.0 ;
    %load/vec4 v000000000091f110_0;
    %pad/u 32;
    %cmpi/e 1, 0, 32;
    %jmp/0xz  T_5.2, 4;
    %load/vec4 v000000000091f430_0;
    %store/vec4 v000000000091e3f0_0, 0, 1;
    %jmp T_5.3;
T_5.2 ;
    %load/vec4 v000000000091f110_0;
    %pad/u 32;
    %cmpi/e 2, 0, 32;
    %jmp/0xz  T_5.4, 4;
    %load/vec4 v000000000091e350_0;
    %store/vec4 v000000000091e3f0_0, 0, 1;
T_5.4 ;
T_5.3 ;
T_5.1 ;
    %jmp T_5;
    .thread T_5, $push;
    .scope S_00000000008cee40;
T_6 ;
    %wait E_00000000008cbc20;
    %load/vec4 v000000000091e7b0_0;
    %pad/u 32;
    %cmpi/e 0, 0, 32;
    %jmp/0xz  T_6.0, 4;
    %load/vec4 v000000000091def0_0;
    %store/vec4 v000000000091f930_0, 0, 1;
    %jmp T_6.1;
T_6.0 ;
    %load/vec4 v000000000091e7b0_0;
    %pad/u 32;
    %cmpi/e 1, 0, 32;
    %jmp/0xz  T_6.2, 4;
    %load/vec4 v000000000091dd10_0;
    %store/vec4 v000000000091f930_0, 0, 1;
    %jmp T_6.3;
T_6.2 ;
    %load/vec4 v000000000091e7b0_0;
    %pad/u 32;
    %cmpi/e 2, 0, 32;
    %jmp/0xz  T_6.4, 4;
    %load/vec4 v000000000091e710_0;
    %store/vec4 v000000000091f930_0, 0, 1;
T_6.4 ;
T_6.3 ;
T_6.1 ;
    %jmp T_6;
    .thread T_6, $push;
    .scope S_00000000008cefd0;
T_7 ;
    %wait E_00000000008cc060;
    %load/vec4 v000000000091f7f0_0;
    %pad/u 32;
    %cmpi/e 0, 0, 32;
    %jmp/0xz  T_7.0, 4;
    %load/vec4 v000000000091ea30_0;
    %store/vec4 v000000000091ed50_0, 0, 1;
    %jmp T_7.1;
T_7.0 ;
    %load/vec4 v000000000091f7f0_0;
    %pad/u 32;
    %cmpi/e 1, 0, 32;
    %jmp/0xz  T_7.2, 4;
    %load/vec4 v000000000091f750_0;
    %store/vec4 v000000000091ed50_0, 0, 1;
    %jmp T_7.3;
T_7.2 ;
    %load/vec4 v000000000091f7f0_0;
    %pad/u 32;
    %cmpi/e 2, 0, 32;
    %jmp/0xz  T_7.4, 4;
    %load/vec4 v000000000091f9d0_0;
    %store/vec4 v000000000091ed50_0, 0, 1;
T_7.4 ;
T_7.3 ;
T_7.1 ;
    %jmp T_7;
    .thread T_7, $push;
    .scope S_00000000008cf400;
T_8 ;
    %wait E_00000000008cbd60;
    %load/vec4 v000000000091e530_0;
    %pad/u 32;
    %cmpi/e 0, 0, 32;
    %jmp/0xz  T_8.0, 4;
    %load/vec4 v000000000091f2f0_0;
    %store/vec4 v000000000091f4d0_0, 0, 1;
    %jmp T_8.1;
T_8.0 ;
    %load/vec4 v000000000091e530_0;
    %pad/u 32;
    %cmpi/e 1, 0, 32;
    %jmp/0xz  T_8.2, 4;
    %load/vec4 v000000000091e0d0_0;
    %store/vec4 v000000000091f4d0_0, 0, 1;
    %jmp T_8.3;
T_8.2 ;
    %load/vec4 v000000000091e530_0;
    %pad/u 32;
    %cmpi/e 2, 0, 32;
    %jmp/0xz  T_8.4, 4;
    %load/vec4 v000000000091de50_0;
    %store/vec4 v000000000091f4d0_0, 0, 1;
T_8.4 ;
T_8.3 ;
T_8.1 ;
    %jmp T_8;
    .thread T_8, $push;
    .scope S_00000000008cf590;
T_9 ;
    %wait E_00000000008cc120;
    %load/vec4 v0000000000920f40_0;
    %pad/u 32;
    %cmpi/e 0, 0, 32;
    %jmp/0xz  T_9.0, 4;
    %load/vec4 v000000000091e170_0;
    %store/vec4 v000000000091ef30_0, 0, 1;
    %jmp T_9.1;
T_9.0 ;
    %load/vec4 v0000000000920f40_0;
    %pad/u 32;
    %cmpi/e 1, 0, 32;
    %jmp/0xz  T_9.2, 4;
    %load/vec4 v000000000091fa70_0;
    %store/vec4 v000000000091ef30_0, 0, 1;
    %jmp T_9.3;
T_9.2 ;
    %load/vec4 v0000000000920f40_0;
    %pad/u 32;
    %cmpi/e 2, 0, 32;
    %jmp/0xz  T_9.4, 4;
    %load/vec4 v000000000091ee90_0;
    %store/vec4 v000000000091ef30_0, 0, 1;
T_9.4 ;
T_9.3 ;
T_9.1 ;
    %jmp T_9;
    .thread T_9, $push;
    .scope S_00000000008b1df0;
T_10 ;
    %wait E_00000000008cbee0;
    %load/vec4 v0000000000920cc0_0;
    %pad/u 32;
    %cmpi/e 0, 0, 32;
    %jmp/0xz  T_10.0, 4;
    %load/vec4 v0000000000920c20_0;
    %store/vec4 v0000000000920680_0, 0, 1;
    %jmp T_10.1;
T_10.0 ;
    %load/vec4 v0000000000920cc0_0;
    %pad/u 32;
    %cmpi/e 1, 0, 32;
    %jmp/0xz  T_10.2, 4;
    %load/vec4 v0000000000920220_0;
    %store/vec4 v0000000000920680_0, 0, 1;
    %jmp T_10.3;
T_10.2 ;
    %load/vec4 v0000000000920cc0_0;
    %pad/u 32;
    %cmpi/e 2, 0, 32;
    %jmp/0xz  T_10.4, 4;
    %load/vec4 v0000000000921760_0;
    %store/vec4 v0000000000920680_0, 0, 1;
T_10.4 ;
T_10.3 ;
T_10.1 ;
    %jmp T_10;
    .thread T_10, $push;
    .scope S_00000000008b1f80;
T_11 ;
    %wait E_00000000008cbc60;
    %load/vec4 v0000000000920a40_0;
    %pad/u 32;
    %cmpi/e 0, 0, 32;
    %jmp/0xz  T_11.0, 4;
    %load/vec4 v00000000009207c0_0;
    %store/vec4 v00000000009214e0_0, 0, 1;
    %jmp T_11.1;
T_11.0 ;
    %load/vec4 v0000000000920a40_0;
    %pad/u 32;
    %cmpi/e 1, 0, 32;
    %jmp/0xz  T_11.2, 4;
    %load/vec4 v0000000000921080_0;
    %store/vec4 v00000000009214e0_0, 0, 1;
    %jmp T_11.3;
T_11.2 ;
    %load/vec4 v0000000000920a40_0;
    %pad/u 32;
    %cmpi/e 2, 0, 32;
    %jmp/0xz  T_11.4, 4;
    %load/vec4 v0000000000921440_0;
    %store/vec4 v00000000009214e0_0, 0, 1;
T_11.4 ;
T_11.3 ;
T_11.1 ;
    %jmp T_11;
    .thread T_11, $push;
    .scope S_00000000008b2110;
T_12 ;
    %wait E_00000000008cbde0;
    %load/vec4 v0000000000920540_0;
    %pad/u 32;
    %cmpi/e 0, 0, 32;
    %jmp/0xz  T_12.0, 4;
    %load/vec4 v00000000009218a0_0;
    %store/vec4 v0000000000920360_0, 0, 1;
    %jmp T_12.1;
T_12.0 ;
    %load/vec4 v0000000000920540_0;
    %pad/u 32;
    %cmpi/e 1, 0, 32;
    %jmp/0xz  T_12.2, 4;
    %load/vec4 v00000000009200e0_0;
    %store/vec4 v0000000000920360_0, 0, 1;
    %jmp T_12.3;
T_12.2 ;
    %load/vec4 v0000000000920540_0;
    %pad/u 32;
    %cmpi/e 2, 0, 32;
    %jmp/0xz  T_12.4, 4;
    %load/vec4 v0000000000921260_0;
    %store/vec4 v0000000000920360_0, 0, 1;
T_12.4 ;
T_12.3 ;
T_12.1 ;
    %jmp T_12;
    .thread T_12, $push;
    .scope S_00000000008b22a0;
T_13 ;
    %wait E_00000000008cc220;
    %load/vec4 v000000000091fdc0_0;
    %pad/u 32;
    %cmpi/e 0, 0, 32;
    %jmp/0xz  T_13.0, 4;
    %load/vec4 v0000000000921800_0;
    %store/vec4 v0000000000921580_0, 0, 1;
    %jmp T_13.1;
T_13.0 ;
    %load/vec4 v000000000091fdc0_0;
    %pad/u 32;
    %cmpi/e 1, 0, 32;
    %jmp/0xz  T_13.2, 4;
    %load/vec4 v0000000000920180_0;
    %store/vec4 v0000000000921580_0, 0, 1;
    %jmp T_13.3;
T_13.2 ;
    %load/vec4 v000000000091fdc0_0;
    %pad/u 32;
    %cmpi/e 2, 0, 32;
    %jmp/0xz  T_13.4, 4;
    %load/vec4 v0000000000921120_0;
    %store/vec4 v0000000000921580_0, 0, 1;
T_13.4 ;
T_13.3 ;
T_13.1 ;
    %jmp T_13;
    .thread T_13, $push;
    .scope S_0000000000925f20;
T_14 ;
    %wait E_00000000008cc320;
    %load/vec4 v0000000000920400_0;
    %pad/u 32;
    %cmpi/e 0, 0, 32;
    %jmp/0xz  T_14.0, 4;
    %load/vec4 v0000000000921620_0;
    %store/vec4 v0000000000920900_0, 0, 1;
    %jmp T_14.1;
T_14.0 ;
    %load/vec4 v0000000000920400_0;
    %pad/u 32;
    %cmpi/e 1, 0, 32;
    %jmp/0xz  T_14.2, 4;
    %load/vec4 v00000000009216c0_0;
    %store/vec4 v0000000000920900_0, 0, 1;
    %jmp T_14.3;
T_14.2 ;
    %load/vec4 v0000000000920400_0;
    %pad/u 32;
    %cmpi/e 2, 0, 32;
    %jmp/0xz  T_14.4, 4;
    %load/vec4 v000000000091fc80_0;
    %store/vec4 v0000000000920900_0, 0, 1;
T_14.4 ;
T_14.3 ;
T_14.1 ;
    %jmp T_14;
    .thread T_14, $push;
    .scope S_0000000000925c00;
T_15 ;
    %wait E_00000000008cc560;
    %load/vec4 v00000000009219e0_0;
    %pad/u 32;
    %cmpi/e 0, 0, 32;
    %jmp/0xz  T_15.0, 4;
    %load/vec4 v00000000009202c0_0;
    %store/vec4 v0000000000920d60_0, 0, 1;
    %jmp T_15.1;
T_15.0 ;
    %load/vec4 v00000000009219e0_0;
    %pad/u 32;
    %cmpi/e 1, 0, 32;
    %jmp/0xz  T_15.2, 4;
    %load/vec4 v0000000000921940_0;
    %store/vec4 v0000000000920d60_0, 0, 1;
    %jmp T_15.3;
T_15.2 ;
    %load/vec4 v00000000009219e0_0;
    %pad/u 32;
    %cmpi/e 2, 0, 32;
    %jmp/0xz  T_15.4, 4;
    %load/vec4 v00000000009204a0_0;
    %store/vec4 v0000000000920d60_0, 0, 1;
T_15.4 ;
T_15.3 ;
T_15.1 ;
    %jmp T_15;
    .thread T_15, $push;
    .scope S_0000000000925d90;
T_16 ;
    %wait E_00000000008cbf20;
    %load/vec4 v00000000009211c0_0;
    %pad/u 32;
    %cmpi/e 0, 0, 32;
    %jmp/0xz  T_16.0, 4;
    %load/vec4 v0000000000920ea0_0;
    %store/vec4 v0000000000920ae0_0, 0, 1;
    %jmp T_16.1;
T_16.0 ;
    %load/vec4 v00000000009211c0_0;
    %pad/u 32;
    %cmpi/e 1, 0, 32;
    %jmp/0xz  T_16.2, 4;
    %load/vec4 v0000000000920860_0;
    %store/vec4 v0000000000920ae0_0, 0, 1;
    %jmp T_16.3;
T_16.2 ;
    %load/vec4 v00000000009211c0_0;
    %pad/u 32;
    %cmpi/e 2, 0, 32;
    %jmp/0xz  T_16.4, 4;
    %load/vec4 v0000000000920fe0_0;
    %store/vec4 v0000000000920ae0_0, 0, 1;
T_16.4 ;
T_16.3 ;
T_16.1 ;
    %jmp T_16;
    .thread T_16, $push;
    .scope S_00000000009260b0;
T_17 ;
    %wait E_00000000008cc420;
    %load/vec4 v000000000091fbe0_0;
    %pad/u 32;
    %cmpi/e 0, 0, 32;
    %jmp/0xz  T_17.0, 4;
    %load/vec4 v00000000009209a0_0;
    %store/vec4 v00000000009213a0_0, 0, 1;
    %jmp T_17.1;
T_17.0 ;
    %load/vec4 v000000000091fbe0_0;
    %pad/u 32;
    %cmpi/e 1, 0, 32;
    %jmp/0xz  T_17.2, 4;
    %load/vec4 v000000000091ff00_0;
    %store/vec4 v00000000009213a0_0, 0, 1;
    %jmp T_17.3;
T_17.2 ;
    %load/vec4 v000000000091fbe0_0;
    %pad/u 32;
    %cmpi/e 2, 0, 32;
    %jmp/0xz  T_17.4, 4;
    %load/vec4 v0000000000921300_0;
    %store/vec4 v00000000009213a0_0, 0, 1;
T_17.4 ;
T_17.3 ;
T_17.1 ;
    %jmp T_17;
    .thread T_17, $push;
    .scope S_0000000000926240;
T_18 ;
    %wait E_00000000008cc660;
    %load/vec4 v00000000009274d0_0;
    %pad/u 32;
    %cmpi/e 0, 0, 32;
    %jmp/0xz  T_18.0, 4;
    %load/vec4 v000000000091fd20_0;
    %store/vec4 v0000000000920040_0, 0, 1;
    %jmp T_18.1;
T_18.0 ;
    %load/vec4 v00000000009274d0_0;
    %pad/u 32;
    %cmpi/e 1, 0, 32;
    %jmp/0xz  T_18.2, 4;
    %load/vec4 v000000000091fe60_0;
    %store/vec4 v0000000000920040_0, 0, 1;
    %jmp T_18.3;
T_18.2 ;
    %load/vec4 v00000000009274d0_0;
    %pad/u 32;
    %cmpi/e 2, 0, 32;
    %jmp/0xz  T_18.4, 4;
    %load/vec4 v000000000091ffa0_0;
    %store/vec4 v0000000000920040_0, 0, 1;
T_18.4 ;
T_18.3 ;
T_18.1 ;
    %jmp T_18;
    .thread T_18, $push;
    .scope S_00000000009263d0;
T_19 ;
    %wait E_00000000008cc520;
    %load/vec4 v0000000000927110_0;
    %pad/u 32;
    %cmpi/e 0, 0, 32;
    %jmp/0xz  T_19.0, 4;
    %load/vec4 v0000000000928330_0;
    %store/vec4 v0000000000926f30_0, 0, 1;
    %jmp T_19.1;
T_19.0 ;
    %load/vec4 v0000000000927110_0;
    %pad/u 32;
    %cmpi/e 1, 0, 32;
    %jmp/0xz  T_19.2, 4;
    %load/vec4 v00000000009288d0_0;
    %store/vec4 v0000000000926f30_0, 0, 1;
    %jmp T_19.3;
T_19.2 ;
    %load/vec4 v0000000000927110_0;
    %pad/u 32;
    %cmpi/e 2, 0, 32;
    %jmp/0xz  T_19.4, 4;
    %load/vec4 v0000000000928a10_0;
    %store/vec4 v0000000000926f30_0, 0, 1;
T_19.4 ;
T_19.3 ;
T_19.1 ;
    %jmp T_19;
    .thread T_19, $push;
    .scope S_0000000000926880;
T_20 ;
    %wait E_00000000008cc6a0;
    %load/vec4 v00000000009280b0_0;
    %pad/u 32;
    %cmpi/e 0, 0, 32;
    %jmp/0xz  T_20.0, 4;
    %load/vec4 v00000000009279d0_0;
    %store/vec4 v0000000000927430_0, 0, 1;
    %jmp T_20.1;
T_20.0 ;
    %load/vec4 v00000000009280b0_0;
    %pad/u 32;
    %cmpi/e 1, 0, 32;
    %jmp/0xz  T_20.2, 4;
    %load/vec4 v0000000000928470_0;
    %store/vec4 v0000000000927430_0, 0, 1;
    %jmp T_20.3;
T_20.2 ;
    %load/vec4 v00000000009280b0_0;
    %pad/u 32;
    %cmpi/e 2, 0, 32;
    %jmp/0xz  T_20.4, 4;
    %load/vec4 v00000000009272f0_0;
    %store/vec4 v0000000000927430_0, 0, 1;
T_20.4 ;
T_20.3 ;
T_20.1 ;
    %jmp T_20;
    .thread T_20, $push;
    .scope S_0000000000926560;
T_21 ;
    %wait E_00000000008cbfe0;
    %load/vec4 v00000000009271b0_0;
    %pad/u 32;
    %cmpi/e 0, 0, 32;
    %jmp/0xz  T_21.0, 4;
    %load/vec4 v00000000009286f0_0;
    %store/vec4 v0000000000927390_0, 0, 1;
    %jmp T_21.1;
T_21.0 ;
    %load/vec4 v00000000009271b0_0;
    %pad/u 32;
    %cmpi/e 1, 0, 32;
    %jmp/0xz  T_21.2, 4;
    %load/vec4 v0000000000928010_0;
    %store/vec4 v0000000000927390_0, 0, 1;
    %jmp T_21.3;
T_21.2 ;
    %load/vec4 v00000000009271b0_0;
    %pad/u 32;
    %cmpi/e 2, 0, 32;
    %jmp/0xz  T_21.4, 4;
    %load/vec4 v0000000000928790_0;
    %store/vec4 v0000000000927390_0, 0, 1;
T_21.4 ;
T_21.3 ;
T_21.1 ;
    %jmp T_21;
    .thread T_21, $push;
    .scope S_00000000009266f0;
T_22 ;
    %wait E_00000000008cc0e0;
    %load/vec4 v0000000000928ab0_0;
    %pad/u 32;
    %cmpi/e 0, 0, 32;
    %jmp/0xz  T_22.0, 4;
    %load/vec4 v00000000009276b0_0;
    %store/vec4 v0000000000928830_0, 0, 1;
    %jmp T_22.1;
T_22.0 ;
    %load/vec4 v0000000000928ab0_0;
    %pad/u 32;
    %cmpi/e 1, 0, 32;
    %jmp/0xz  T_22.2, 4;
    %load/vec4 v0000000000927cf0_0;
    %store/vec4 v0000000000928830_0, 0, 1;
    %jmp T_22.3;
T_22.2 ;
    %load/vec4 v0000000000928ab0_0;
    %pad/u 32;
    %cmpi/e 2, 0, 32;
    %jmp/0xz  T_22.4, 4;
    %load/vec4 v0000000000927ed0_0;
    %store/vec4 v0000000000928830_0, 0, 1;
T_22.4 ;
T_22.3 ;
T_22.1 ;
    %jmp T_22;
    .thread T_22, $push;
    .scope S_0000000000929260;
T_23 ;
    %wait E_00000000008cc260;
    %load/vec4 v0000000000927890_0;
    %pad/u 32;
    %cmpi/e 0, 0, 32;
    %jmp/0xz  T_23.0, 4;
    %load/vec4 v0000000000928510_0;
    %store/vec4 v00000000009285b0_0, 0, 1;
    %jmp T_23.1;
T_23.0 ;
    %load/vec4 v0000000000927890_0;
    %pad/u 32;
    %cmpi/e 1, 0, 32;
    %jmp/0xz  T_23.2, 4;
    %load/vec4 v0000000000927c50_0;
    %store/vec4 v00000000009285b0_0, 0, 1;
    %jmp T_23.3;
T_23.2 ;
    %load/vec4 v0000000000927890_0;
    %pad/u 32;
    %cmpi/e 2, 0, 32;
    %jmp/0xz  T_23.4, 4;
    %load/vec4 v00000000009281f0_0;
    %store/vec4 v00000000009285b0_0, 0, 1;
T_23.4 ;
T_23.3 ;
T_23.1 ;
    %jmp T_23;
    .thread T_23, $push;
    .scope S_000000000092a520;
T_24 ;
    %wait E_00000000008cc720;
    %load/vec4 v0000000000927930_0;
    %pad/u 32;
    %cmpi/e 0, 0, 32;
    %jmp/0xz  T_24.0, 4;
    %load/vec4 v0000000000927610_0;
    %store/vec4 v0000000000928650_0, 0, 1;
    %jmp T_24.1;
T_24.0 ;
    %load/vec4 v0000000000927930_0;
    %pad/u 32;
    %cmpi/e 1, 0, 32;
    %jmp/0xz  T_24.2, 4;
    %load/vec4 v00000000009283d0_0;
    %store/vec4 v0000000000928650_0, 0, 1;
    %jmp T_24.3;
T_24.2 ;
    %load/vec4 v0000000000927930_0;
    %pad/u 32;
    %cmpi/e 2, 0, 32;
    %jmp/0xz  T_24.4, 4;
    %load/vec4 v00000000009277f0_0;
    %store/vec4 v0000000000928650_0, 0, 1;
T_24.4 ;
T_24.3 ;
T_24.1 ;
    %jmp T_24;
    .thread T_24, $push;
    .scope S_0000000000929710;
T_25 ;
    %wait E_00000000008cbba0;
    %load/vec4 v0000000000926c10_0;
    %pad/u 32;
    %cmpi/e 0, 0, 32;
    %jmp/0xz  T_25.0, 4;
    %load/vec4 v0000000000926e90_0;
    %store/vec4 v0000000000927070_0, 0, 1;
    %jmp T_25.1;
T_25.0 ;
    %load/vec4 v0000000000926c10_0;
    %pad/u 32;
    %cmpi/e 1, 0, 32;
    %jmp/0xz  T_25.2, 4;
    %load/vec4 v0000000000927d90_0;
    %store/vec4 v0000000000927070_0, 0, 1;
    %jmp T_25.3;
T_25.2 ;
    %load/vec4 v0000000000926c10_0;
    %pad/u 32;
    %cmpi/e 2, 0, 32;
    %jmp/0xz  T_25.4, 4;
    %load/vec4 v0000000000927a70_0;
    %store/vec4 v0000000000927070_0, 0, 1;
T_25.4 ;
T_25.3 ;
T_25.1 ;
    %jmp T_25;
    .thread T_25, $push;
    .scope S_000000000092a840;
T_26 ;
    %wait E_00000000008cb9a0;
    %load/vec4 v0000000000927f70_0;
    %pad/u 32;
    %cmpi/e 0, 0, 32;
    %jmp/0xz  T_26.0, 4;
    %load/vec4 v0000000000927b10_0;
    %store/vec4 v0000000000926d50_0, 0, 1;
    %jmp T_26.1;
T_26.0 ;
    %load/vec4 v0000000000927f70_0;
    %pad/u 32;
    %cmpi/e 1, 0, 32;
    %jmp/0xz  T_26.2, 4;
    %load/vec4 v0000000000927e30_0;
    %store/vec4 v0000000000926d50_0, 0, 1;
    %jmp T_26.3;
T_26.2 ;
    %load/vec4 v0000000000927f70_0;
    %pad/u 32;
    %cmpi/e 2, 0, 32;
    %jmp/0xz  T_26.4, 4;
    %load/vec4 v0000000000926cb0_0;
    %store/vec4 v0000000000926d50_0, 0, 1;
T_26.4 ;
T_26.3 ;
T_26.1 ;
    %jmp T_26;
    .thread T_26, $push;
    .scope S_000000000092a6b0;
T_27 ;
    %wait E_00000000008cc460;
    %load/vec4 v000000000092b8b0_0;
    %pad/u 32;
    %cmpi/e 0, 0, 32;
    %jmp/0xz  T_27.0, 4;
    %load/vec4 v0000000000928150_0;
    %store/vec4 v0000000000926fd0_0, 0, 1;
    %jmp T_27.1;
T_27.0 ;
    %load/vec4 v000000000092b8b0_0;
    %pad/u 32;
    %cmpi/e 1, 0, 32;
    %jmp/0xz  T_27.2, 4;
    %load/vec4 v0000000000926df0_0;
    %store/vec4 v0000000000926fd0_0, 0, 1;
    %jmp T_27.3;
T_27.2 ;
    %load/vec4 v000000000092b8b0_0;
    %pad/u 32;
    %cmpi/e 2, 0, 32;
    %jmp/0xz  T_27.4, 4;
    %load/vec4 v0000000000928290_0;
    %store/vec4 v0000000000926fd0_0, 0, 1;
T_27.4 ;
T_27.3 ;
T_27.1 ;
    %jmp T_27;
    .thread T_27, $push;
    .scope S_00000000009298a0;
T_28 ;
    %wait E_00000000008cc160;
    %load/vec4 v000000000092ad70_0;
    %pad/u 32;
    %cmpi/e 0, 0, 32;
    %jmp/0xz  T_28.0, 4;
    %load/vec4 v000000000092c990_0;
    %store/vec4 v000000000092c850_0, 0, 1;
    %jmp T_28.1;
T_28.0 ;
    %load/vec4 v000000000092ad70_0;
    %pad/u 32;
    %cmpi/e 1, 0, 32;
    %jmp/0xz  T_28.2, 4;
    %load/vec4 v000000000092bf90_0;
    %store/vec4 v000000000092c850_0, 0, 1;
    %jmp T_28.3;
T_28.2 ;
    %load/vec4 v000000000092ad70_0;
    %pad/u 32;
    %cmpi/e 2, 0, 32;
    %jmp/0xz  T_28.4, 4;
    %load/vec4 v000000000092b4f0_0;
    %store/vec4 v000000000092c850_0, 0, 1;
T_28.4 ;
T_28.3 ;
T_28.1 ;
    %jmp T_28;
    .thread T_28, $push;
    .scope S_0000000000929a30;
T_29 ;
    %wait E_00000000008cbda0;
    %load/vec4 v000000000092c7b0_0;
    %pad/u 32;
    %cmpi/e 0, 0, 32;
    %jmp/0xz  T_29.0, 4;
    %load/vec4 v000000000092b1d0_0;
    %store/vec4 v000000000092b630_0, 0, 1;
    %jmp T_29.1;
T_29.0 ;
    %load/vec4 v000000000092c7b0_0;
    %pad/u 32;
    %cmpi/e 1, 0, 32;
    %jmp/0xz  T_29.2, 4;
    %load/vec4 v000000000092b590_0;
    %store/vec4 v000000000092b630_0, 0, 1;
    %jmp T_29.3;
T_29.2 ;
    %load/vec4 v000000000092c7b0_0;
    %pad/u 32;
    %cmpi/e 2, 0, 32;
    %jmp/0xz  T_29.4, 4;
    %load/vec4 v000000000092b130_0;
    %store/vec4 v000000000092b630_0, 0, 1;
T_29.4 ;
T_29.3 ;
T_29.1 ;
    %jmp T_29;
    .thread T_29, $push;
    .scope S_000000000092a9d0;
T_30 ;
    %wait E_00000000008cb820;
    %load/vec4 v000000000092c170_0;
    %pad/u 32;
    %cmpi/e 0, 0, 32;
    %jmp/0xz  T_30.0, 4;
    %load/vec4 v000000000092c2b0_0;
    %store/vec4 v000000000092b6d0_0, 0, 1;
    %jmp T_30.1;
T_30.0 ;
    %load/vec4 v000000000092c170_0;
    %pad/u 32;
    %cmpi/e 1, 0, 32;
    %jmp/0xz  T_30.2, 4;
    %load/vec4 v000000000092c350_0;
    %store/vec4 v000000000092b6d0_0, 0, 1;
    %jmp T_30.3;
T_30.2 ;
    %load/vec4 v000000000092c170_0;
    %pad/u 32;
    %cmpi/e 2, 0, 32;
    %jmp/0xz  T_30.4, 4;
    %load/vec4 v000000000092acd0_0;
    %store/vec4 v000000000092b6d0_0, 0, 1;
T_30.4 ;
T_30.3 ;
T_30.1 ;
    %jmp T_30;
    .thread T_30, $push;
    .scope S_0000000000929bc0;
T_31 ;
    %wait E_00000000008cb920;
    %load/vec4 v000000000092b9f0_0;
    %pad/u 32;
    %cmpi/e 0, 0, 32;
    %jmp/0xz  T_31.0, 4;
    %load/vec4 v000000000092b770_0;
    %store/vec4 v000000000092b950_0, 0, 1;
    %jmp T_31.1;
T_31.0 ;
    %load/vec4 v000000000092b9f0_0;
    %pad/u 32;
    %cmpi/e 1, 0, 32;
    %jmp/0xz  T_31.2, 4;
    %load/vec4 v000000000092c030_0;
    %store/vec4 v000000000092b950_0, 0, 1;
    %jmp T_31.3;
T_31.2 ;
    %load/vec4 v000000000092b9f0_0;
    %pad/u 32;
    %cmpi/e 2, 0, 32;
    %jmp/0xz  T_31.4, 4;
    %load/vec4 v000000000092b810_0;
    %store/vec4 v000000000092b950_0, 0, 1;
T_31.4 ;
T_31.3 ;
T_31.1 ;
    %jmp T_31;
    .thread T_31, $push;
# The file index is used to find the file name in the following table.
:file_names 5;
    "N/A";
    "<interactive>";
    "bit32_mux3to1.v";
    "./bit8_mux3to1.v";
    "./mux3to1.v";
