#! /usr/local/iverilog/bin/vvp
:ivl_version "11.0 (devel)" "(s20150603-642-g3bdb50da)";
:ivl_delay_selection "TYPICAL";
:vpi_time_precision + 0;
:vpi_module "system";
:vpi_module "vhdl_sys";
:vpi_module "vhdl_textio";
:vpi_module "v2005_math";
:vpi_module "va_math";
S_0000000000f12620 .scope module, "reg2" "reg2" 2 1;
 .timescale 0 0;
    .port_info 0 /INPUT 1 "EN";
    .port_info 1 /INPUT 1 "in";
    .port_info 2 /INPUT 1 "CLK";
    .port_info 3 /OUTPUT 4 "Q";
P_00000000010b70a0 .param/l "n" 0 2 2, +C4<00000000000000000000000000000100>;
o0000000000f33cd8 .functor BUFZ 1, C4<z>; HiZ drive
v0000000000f127b0_0 .net "CLK", 0 0, o0000000000f33cd8;  0 drivers
o0000000000f33d08 .functor BUFZ 1, C4<z>; HiZ drive
v0000000000f12850_0 .net "EN", 0 0, o0000000000f33d08;  0 drivers
v00000000010bcbd0_0 .var "Q", 3 0;
o0000000000f33d68 .functor BUFZ 1, C4<z>; HiZ drive
v00000000010bcc70_0 .net "in", 0 0, o0000000000f33d68;  0 drivers
E_00000000010b71a0 .event posedge, v0000000000f127b0_0;
    .scope S_0000000000f12620;
T_0 ;
    %pushi/vec4 9, 0, 4;
    %store/vec4 v00000000010bcbd0_0, 0, 4;
    %end;
    .thread T_0;
    .scope S_0000000000f12620;
T_1 ;
    %wait E_00000000010b71a0;
    %load/vec4 v0000000000f12850_0;
    %flag_set/vec4 8;
    %jmp/0xz  T_1.0, 8;
    %load/vec4 v00000000010bcc70_0;
    %load/vec4 v00000000010bcbd0_0;
    %parti/s 3, 1, 2;
    %concat/vec4; draw_concat_vec4
    %store/vec4 v00000000010bcbd0_0, 0, 4;
T_1.0 ;
    %jmp T_1;
    .thread T_1;
# The file index is used to find the file name in the following table.
:file_names 3;
    "N/A";
    "<interactive>";
    "reg2.v";
